This is XeTeX, Version 3.14159265-2.6-0.999991 (MiKTeX 2.9.7250 64-bit) (preloaded format=xelatex 2020.3.20)  27 JUN 2022 10:47
entering extended mode
**./hpcModel-exploration.tex
(hpcModel-exploration.tex
LaTeX2e <2019-10-01> patch level 3
("C:\Program Files\MiKTeX 2.9\tex/latex/base\book.cls"
Document Class: book 2019/10/25 v1.4k Standard LaTeX document class
("C:\Program Files\MiKTeX 2.9\tex/latex/base\bk10.clo"
File: bk10.clo 2019/10/25 v1.4k Standard LaTeX file (size option)
)
\c@part=\count80
\c@chapter=\count81
\c@section=\count82
\c@subsection=\count83
\c@subsubsection=\count84
\c@paragraph=\count85
\c@subparagraph=\count86
\c@figure=\count87
\c@table=\count88
\abovecaptionskip=\skip41
\belowcaptionskip=\skip42
\bibindent=\dimen102
) ("C:\Program Files\MiKTeX 2.9\tex/latex/lm\lmodern.sty"
Package: lmodern 2009/10/30 v1.6 Latin Modern Fonts
LaTeX Font Info:    Overwriting symbol font `operators' in version `normal'
(Font)                  OT1/cmr/m/n --> OT1/lmr/m/n on input line 22.
LaTeX Font Info:    Overwriting symbol font `letters' in version `normal'
(Font)                  OML/cmm/m/it --> OML/lmm/m/it on input line 23.
LaTeX Font Info:    Overwriting symbol font `symbols' in version `normal'
(Font)                  OMS/cmsy/m/n --> OMS/lmsy/m/n on input line 24.
LaTeX Font Info:    Overwriting symbol font `largesymbols' in version `normal'
(Font)                  OMX/cmex/m/n --> OMX/lmex/m/n on input line 25.
LaTeX Font Info:    Overwriting symbol font `operators' in version `bold'
(Font)                  OT1/cmr/bx/n --> OT1/lmr/bx/n on input line 26.
LaTeX Font Info:    Overwriting symbol font `letters' in version `bold'
(Font)                  OML/cmm/b/it --> OML/lmm/b/it on input line 27.
LaTeX Font Info:    Overwriting symbol font `symbols' in version `bold'
(Font)                  OMS/cmsy/b/n --> OMS/lmsy/b/n on input line 28.
LaTeX Font Info:    Overwriting symbol font `largesymbols' in version `bold'
(Font)                  OMX/cmex/m/n --> OMX/lmex/m/n on input line 29.
LaTeX Font Info:    Overwriting math alphabet `\mathbf' in version `normal'
(Font)                  OT1/cmr/bx/n --> OT1/lmr/bx/n on input line 31.
LaTeX Font Info:    Overwriting math alphabet `\mathsf' in version `normal'
(Font)                  OT1/cmss/m/n --> OT1/lmss/m/n on input line 32.
LaTeX Font Info:    Overwriting math alphabet `\mathit' in version `normal'
(Font)                  OT1/cmr/m/it --> OT1/lmr/m/it on input line 33.
LaTeX Font Info:    Overwriting math alphabet `\mathtt' in version `normal'
(Font)                  OT1/cmtt/m/n --> OT1/lmtt/m/n on input line 34.
LaTeX Font Info:    Overwriting math alphabet `\mathbf' in version `bold'
(Font)                  OT1/cmr/bx/n --> OT1/lmr/bx/n on input line 35.
LaTeX Font Info:    Overwriting math alphabet `\mathsf' in version `bold'
(Font)                  OT1/cmss/bx/n --> OT1/lmss/bx/n on input line 36.
LaTeX Font Info:    Overwriting math alphabet `\mathit' in version `bold'
(Font)                  OT1/cmr/bx/it --> OT1/lmr/bx/it on input line 37.
LaTeX Font Info:    Overwriting math alphabet `\mathtt' in version `bold'
(Font)                  OT1/cmtt/m/n --> OT1/lmtt/m/n on input line 38.
) ("C:\Program Files\MiKTeX 2.9\tex/latex/amsfonts\amssymb.sty"
Package: amssymb 2013/01/14 v3.01 AMS font symbols
("C:\Program Files\MiKTeX 2.9\tex/latex/amsfonts\amsfonts.sty"
Package: amsfonts 2013/01/14 v3.01 Basic AMSFonts support
\@emptytoks=\toks14
\symAMSa=\mathgroup4
\symAMSb=\mathgroup5
LaTeX Font Info:    Redeclaring math symbol \hbar on input line 98.
LaTeX Font Info:    Overwriting math alphabet `\mathfrak' in version `bold'
(Font)                  U/euf/m/n --> U/euf/b/n on input line 106.
)) ("C:\Program Files\MiKTeX 2.9\tex/latex/amsmath\amsmath.sty"
Package: amsmath 2019/11/16 v2.17d AMS math features
\@mathmargin=\skip43
For additional information on amsmath, use the `?' option.
("C:\Program Files\MiKTeX 2.9\tex/latex/amsmath\amstext.sty"
Package: amstext 2000/06/29 v2.01 AMS text
("C:\Program Files\MiKTeX 2.9\tex/latex/amsmath\amsgen.sty"
File: amsgen.sty 1999/11/30 v2.0 generic functions
\@emptytoks=\toks15
\ex@=\dimen103
)) ("C:\Program Files\MiKTeX 2.9\tex/latex/amsmath\amsbsy.sty"
Package: amsbsy 1999/11/29 v1.2d Bold Symbols
\pmbraise@=\dimen104
) ("C:\Program Files\MiKTeX 2.9\tex/latex/amsmath\amsopn.sty"
Package: amsopn 2016/03/08 v2.02 operator names
)
\inf@bad=\count89
LaTeX Info: Redefining \frac on input line 227.
\uproot@=\count90
\leftroot@=\count91
LaTeX Info: Redefining \overline on input line 389.
\classnum@=\count92
\DOTSCASE@=\count93
LaTeX Info: Redefining \ldots on input line 486.
LaTeX Info: Redefining \dots on input line 489.
LaTeX Info: Redefining \cdots on input line 610.
\Mathstrutbox@=\box27
\strutbox@=\box28
\big@size=\dimen105
LaTeX Font Info:    Redeclaring font encoding OML on input line 733.
LaTeX Font Info:    Redeclaring font encoding OMS on input line 734.
\macc@depth=\count94
\c@MaxMatrixCols=\count95
\dotsspace@=\muskip10
\c@parentequation=\count96
\dspbrk@lvl=\count97
\tag@help=\toks16
\row@=\count98
\column@=\count99
\maxfields@=\count100
\andhelp@=\toks17
\eqnshift@=\dimen106
\alignsep@=\dimen107
\tagshift@=\dimen108
\tagwidth@=\dimen109
\totwidth@=\dimen110
\lineht@=\dimen111
\@envbody=\toks18
\multlinegap=\skip44
\multlinetaggap=\skip45
\mathdisplay@stack=\toks19
LaTeX Info: Redefining \[ on input line 2858.
LaTeX Info: Redefining \] on input line 2859.
) ("C:\Program Files\MiKTeX 2.9\tex/generic/iftex\ifxetex.sty"
Package: ifxetex 2019/10/25 v0.7 ifxetex legacy package. Use iftex instead.
("C:\Program Files\MiKTeX 2.9\tex/generic/iftex\iftex.sty"
Package: iftex 2019/11/07 v1.0c TeX engine tests
)) ("C:\Program Files\MiKTeX 2.9\tex/generic/iftex\ifluatex.sty"
Package: ifluatex 2019/10/25 v1.5 ifluatex legacy package. Use iftex instead.
) ("C:\Program Files\MiKTeX 2.9\tex/latex/unicode-math\unicode-math.sty" ("C:\P
rogram Files\MiKTeX 2.9\tex/latex/l3kernel\expl3.sty"
Package: expl3 2019-11-07 L3 programming layer (loader) 
("C:\Program Files\MiKTeX 2.9\tex/latex/l3kernel\expl3-code.tex"
Package: expl3 2019-11-07 L3 programming layer (code)
\c_max_int=\count101
\l_tmpa_int=\count102
\l_tmpb_int=\count103
\g_tmpa_int=\count104
\g_tmpb_int=\count105
\l__seq_internal_a_int=\count106
\l__seq_internal_b_int=\count107
\g__kernel_prg_map_int=\count108
\c__ior_term_noprompt_ior=\count109
\c_log_iow=\count110
\l_iow_line_count_int=\count111
\l__iow_line_target_int=\count112
\l__iow_one_indent_int=\count113
\l__iow_indent_int=\count114
\c_zero_dim=\dimen112
\c_max_dim=\dimen113
\l_tmpa_dim=\dimen114
\l_tmpb_dim=\dimen115
\g_tmpa_dim=\dimen116
\g_tmpb_dim=\dimen117
\c_zero_skip=\skip46
\c_max_skip=\skip47
\l_tmpa_skip=\skip48
\l_tmpb_skip=\skip49
\g_tmpa_skip=\skip50
\g_tmpb_skip=\skip51
\c_zero_muskip=\muskip11
\c_max_muskip=\muskip12
\l_tmpa_muskip=\muskip13
\l_tmpb_muskip=\muskip14
\g_tmpa_muskip=\muskip15
\g_tmpb_muskip=\muskip16
\l_keys_choice_int=\count115
\l__intarray_loop_int=\count116
\c__intarray_sp_dim=\dimen118
\g__intarray_font_int=\count117
\c__fp_leading_shift_int=\count118
\c__fp_middle_shift_int=\count119
\c__fp_trailing_shift_int=\count120
\c__fp_big_leading_shift_int=\count121
\c__fp_big_middle_shift_int=\count122
\c__fp_big_trailing_shift_int=\count123
\c__fp_Bigg_leading_shift_int=\count124
\c__fp_Bigg_middle_shift_int=\count125
\c__fp_Bigg_trailing_shift_int=\count126
\g__fp_array_int=\count127
\l__fp_array_loop_int=\count128
\l__sort_length_int=\count129
\l__sort_min_int=\count130
\l__sort_top_int=\count131
\l__sort_max_int=\count132
\l__sort_true_max_int=\count133
\l__sort_block_int=\count134
\l__sort_begin_int=\count135
\l__sort_end_int=\count136
\l__sort_A_int=\count137
\l__sort_B_int=\count138
\l__sort_C_int=\count139
\l__str_internal_int=\count140
\l__tl_analysis_normal_int=\count141
\l__tl_analysis_index_int=\count142
\l__tl_analysis_nesting_int=\count143
\l__tl_analysis_type_int=\count144
\l__regex_internal_a_int=\count145
\l__regex_internal_b_int=\count146
\l__regex_internal_c_int=\count147
\l__regex_balance_int=\count148
\l__regex_group_level_int=\count149
\l__regex_mode_int=\count150
\c__regex_cs_in_class_mode_int=\count151
\c__regex_cs_mode_int=\count152
\l__regex_catcodes_int=\count153
\l__regex_default_catcodes_int=\count154
\c__regex_catcode_L_int=\count155
\c__regex_catcode_O_int=\count156
\c__regex_catcode_A_int=\count157
\c__regex_all_catcodes_int=\count158
\l__regex_show_lines_int=\count159
\l__regex_min_state_int=\count160
\l__regex_max_state_int=\count161
\l__regex_left_state_int=\count162
\l__regex_right_state_int=\count163
\l__regex_capturing_group_int=\count164
\l__regex_min_pos_int=\count165
\l__regex_max_pos_int=\count166
\l__regex_curr_pos_int=\count167
\l__regex_start_pos_int=\count168
\l__regex_success_pos_int=\count169
\l__regex_curr_char_int=\count170
\l__regex_curr_catcode_int=\count171
\l__regex_last_char_int=\count172
\l__regex_case_changed_char_int=\count173
\l__regex_curr_state_int=\count174
\l__regex_step_int=\count175
\l__regex_min_active_int=\count176
\l__regex_max_active_int=\count177
\l__regex_replacement_csnames_int=\count178
\l__regex_match_count_int=\count179
\l__regex_min_submatch_int=\count180
\l__regex_submatch_int=\count181
\l__regex_zeroth_submatch_int=\count182
\g__regex_trace_regex_int=\count183
\c_empty_box=\box29
\l_tmpa_box=\box30
\l_tmpb_box=\box31
\g_tmpa_box=\box32
\g_tmpb_box=\box33
\l__box_top_dim=\dimen119
\l__box_bottom_dim=\dimen120
\l__box_left_dim=\dimen121
\l__box_right_dim=\dimen122
\l__box_top_new_dim=\dimen123
\l__box_bottom_new_dim=\dimen124
\l__box_left_new_dim=\dimen125
\l__box_right_new_dim=\dimen126
\l__box_internal_box=\box34
\l__coffin_internal_box=\box35
\l__coffin_internal_dim=\dimen127
\l__coffin_offset_x_dim=\dimen128
\l__coffin_offset_y_dim=\dimen129
\l__coffin_x_dim=\dimen130
\l__coffin_y_dim=\dimen131
\l__coffin_x_prime_dim=\dimen132
\l__coffin_y_prime_dim=\dimen133
\c_empty_coffin=\box36
\l__coffin_aligned_coffin=\box37
\l__coffin_aligned_internal_coffin=\box38
\l_tmpa_coffin=\box39
\l_tmpb_coffin=\box40
\g_tmpa_coffin=\box41
\g_tmpb_coffin=\box42
\l__coffin_bounding_shift_dim=\dimen134
\l__coffin_left_corner_dim=\dimen135
\l__coffin_right_corner_dim=\dimen136
\l__coffin_bottom_corner_dim=\dimen137
\l__coffin_top_corner_dim=\dimen138
\l__coffin_scaled_total_height_dim=\dimen139
\l__coffin_scaled_width_dim=\dimen140
\c__coffin_empty_coffin=\box43
\l__coffin_display_coffin=\box44
\l__coffin_display_coord_coffin=\box45
\l__coffin_display_pole_coffin=\box46
\l__coffin_display_offset_dim=\dimen141
\l__coffin_display_x_dim=\dimen142
\l__coffin_display_y_dim=\dimen143
\g__char_data_ior=\read1
("C:\Program Files\MiKTeX 2.9\tex/latex/l3kernel\l3deprecation.def"
File: l3deprecation.def 2019-04-06 v L3 Deprecated functions
)) ("C:\Program Files\MiKTeX 2.9\tex/latex/l3backend\l3backend-xdvipdfmx.def"
File: l3backend-xdvipdfmx.def 2019-04-06 L3 backend support: xdvipdfmx
\g__graphics_track_int=\count184
\l__pdf_internal_box=\box47
\g__pdf_backend_object_int=\count185
\g__pdf_backend_annotation_int=\count186
))
Package: unicode-math 2020/01/31 v0.8q Unicode maths in XeLaTeX and LuaLaTeX
("C:\Program Files\MiKTeX 2.9\tex/latex/unicode-math\unicode-math-xetex.sty"
Package: unicode-math-xetex 2020/01/31 v0.8q Unicode maths in XeLaTeX and LuaLa
TeX
("C:\Program Files\MiKTeX 2.9\tex/latex/l3packages/xparse\xparse.sty"
Package: xparse 2019-10-11 L3 Experimental document command parser
\l__xparse_current_arg_int=\count187
\g__xparse_grabber_int=\count188
\l__xparse_m_args_int=\count189
\l__xparse_v_nesting_int=\count190
) ("C:\Program Files\MiKTeX 2.9\tex/latex/l3packages/l3keys2e\l3keys2e.sty"
Package: l3keys2e 2019-10-11 LaTeX2e option processing using LaTeX3 keys
) ("C:\Program Files\MiKTeX 2.9\tex/latex/fontspec\fontspec.sty"
Package: fontspec 2019/10/19 v2.7d Font selection for XeLaTeX and LuaLaTeX
("C:\Program Files\MiKTeX 2.9\tex/latex/fontspec\fontspec-xetex.sty"
Package: fontspec-xetex 2019/10/19 v2.7d Font selection for XeLaTeX and LuaLaTe
X
\l__fontspec_script_int=\count191
\l__fontspec_language_int=\count192
\l__fontspec_strnum_int=\count193
\l__fontspec_tmp_int=\count194
\l__fontspec_tmpa_int=\count195
\l__fontspec_tmpb_int=\count196
\l__fontspec_tmpc_int=\count197
\l__fontspec_em_int=\count198
\l__fontspec_emdef_int=\count199
\l__fontspec_strong_int=\count266
\l__fontspec_strongdef_int=\count267
\l__fontspec_tmpa_dim=\dimen144
\l__fontspec_tmpb_dim=\dimen145
\l__fontspec_tmpc_dim=\dimen146
("C:\Program Files\MiKTeX 2.9\tex/latex/base\fontenc.sty"
Package: fontenc 2018/08/11 v2.0j Standard LaTeX package
("C:\Program Files\MiKTeX 2.9\tex/latex/base\tuenc.def"
File: tuenc.def 2018/08/11 v2.0j Standard LaTeX file
LaTeX Font Info:    Redeclaring font encoding TU on input line 82.
)) ("C:\Program Files\MiKTeX 2.9\tex/latex/fontspec\fontspec.cfg")
LaTeX Info: Redefining \itshape on input line 4047.
LaTeX Info: Redefining \slshape on input line 4052.
LaTeX Info: Redefining \scshape on input line 4057.
LaTeX Info: Redefining \upshape on input line 4062.
LaTeX Info: Redefining \em on input line 4092.
LaTeX Info: Redefining \emph on input line 4117.
)) ("C:\Program Files\MiKTeX 2.9\tex/latex/base\fix-cm.sty"
Package: fix-cm 2015/01/14 v1.1t fixes to LaTeX
("C:\Program Files\MiKTeX 2.9\tex/latex/base\ts1enc.def"
File: ts1enc.def 2001/06/05 v3.0e (jk/car/fm) Standard LaTeX file
))
\g__um_fam_int=\count268
\g__um_fonts_used_int=\count269
\l__um_primecount_int=\count270
\g__um_primekern_muskip=\muskip17
("C:\Program Files\MiKTeX 2.9\tex/latex/unicode-math\unicode-math-table.tex")))
("C:\Program Files\MiKTeX 2.9\tex/latex/upquote\upquote.sty"
Package: upquote 2012/04/19 v1.3 upright-quote and grave-accent glyphs in verba
tim
("C:\Program Files\MiKTeX 2.9\tex/latex/base\textcomp.sty"
Package: textcomp 2018/08/11 v2.0j Standard LaTeX package
Package textcomp Info: Sub-encoding information:
(textcomp)               5 = only ISO-Adobe without \textcurrency
(textcomp)               4 = 5 + \texteuro
(textcomp)               3 = 4 + \textohm
(textcomp)               2 = 3 + \textestimated + \textcurrency
(textcomp)               1 = TS1 - \textcircled - \t
(textcomp)               0 = TS1 (full)
(textcomp)             Font families with sub-encoding setting implement
(textcomp)             only a restricted character set as indicated.
(textcomp)             Family '?' is the default used for unknown fonts.
(textcomp)             See the documentation for details.
Package textcomp Info: Setting ? sub-encoding to TS1/1 on input line 79.
("C:\Program Files\MiKTeX 2.9\tex/latex/base\ts1enc.def"
File: ts1enc.def 2001/06/05 v3.0e (jk/car/fm) Standard LaTeX file
LaTeX Font Info:    Redeclaring font encoding TS1 on input line 47.
)
LaTeX Info: Redefining \oldstylenums on input line 334.
Package textcomp Info: Setting cmr sub-encoding to TS1/0 on input line 349.
Package textcomp Info: Setting cmss sub-encoding to TS1/0 on input line 350.
Package textcomp Info: Setting cmtt sub-encoding to TS1/0 on input line 351.
Package textcomp Info: Setting cmvtt sub-encoding to TS1/0 on input line 352.
Package textcomp Info: Setting cmbr sub-encoding to TS1/0 on input line 353.
Package textcomp Info: Setting cmtl sub-encoding to TS1/0 on input line 354.
Package textcomp Info: Setting ccr sub-encoding to TS1/0 on input line 355.
Package textcomp Info: Setting ptm sub-encoding to TS1/4 on input line 356.
Package textcomp Info: Setting pcr sub-encoding to TS1/4 on input line 357.
Package textcomp Info: Setting phv sub-encoding to TS1/4 on input line 358.
Package textcomp Info: Setting ppl sub-encoding to TS1/3 on input line 359.
Package textcomp Info: Setting pag sub-encoding to TS1/4 on input line 360.
Package textcomp Info: Setting pbk sub-encoding to TS1/4 on input line 361.
Package textcomp Info: Setting pnc sub-encoding to TS1/4 on input line 362.
Package textcomp Info: Setting pzc sub-encoding to TS1/4 on input line 363.
Package textcomp Info: Setting bch sub-encoding to TS1/4 on input line 364.
Package textcomp Info: Setting put sub-encoding to TS1/5 on input line 365.
Package textcomp Info: Setting uag sub-encoding to TS1/5 on input line 366.
Package textcomp Info: Setting ugq sub-encoding to TS1/5 on input line 367.
Package textcomp Info: Setting ul8 sub-encoding to TS1/4 on input line 368.
Package textcomp Info: Setting ul9 sub-encoding to TS1/4 on input line 369.
Package textcomp Info: Setting augie sub-encoding to TS1/5 on input line 370.
Package textcomp Info: Setting dayrom sub-encoding to TS1/3 on input line 371.
Package textcomp Info: Setting dayroms sub-encoding to TS1/3 on input line 372.

Package textcomp Info: Setting pxr sub-encoding to TS1/0 on input line 373.
Package textcomp Info: Setting pxss sub-encoding to TS1/0 on input line 374.
Package textcomp Info: Setting pxtt sub-encoding to TS1/0 on input line 375.
Package textcomp Info: Setting txr sub-encoding to TS1/0 on input line 376.
Package textcomp Info: Setting txss sub-encoding to TS1/0 on input line 377.
Package textcomp Info: Setting txtt sub-encoding to TS1/0 on input line 378.
Package textcomp Info: Setting lmr sub-encoding to TS1/0 on input line 379.
Package textcomp Info: Setting lmdh sub-encoding to TS1/0 on input line 380.
Package textcomp Info: Setting lmss sub-encoding to TS1/0 on input line 381.
Package textcomp Info: Setting lmssq sub-encoding to TS1/0 on input line 382.
Package textcomp Info: Setting lmvtt sub-encoding to TS1/0 on input line 383.
Package textcomp Info: Setting lmtt sub-encoding to TS1/0 on input line 384.
Package textcomp Info: Setting qhv sub-encoding to TS1/0 on input line 385.
Package textcomp Info: Setting qag sub-encoding to TS1/0 on input line 386.
Package textcomp Info: Setting qbk sub-encoding to TS1/0 on input line 387.
Package textcomp Info: Setting qcr sub-encoding to TS1/0 on input line 388.
Package textcomp Info: Setting qcs sub-encoding to TS1/0 on input line 389.
Package textcomp Info: Setting qpl sub-encoding to TS1/0 on input line 390.
Package textcomp Info: Setting qtm sub-encoding to TS1/0 on input line 391.
Package textcomp Info: Setting qzc sub-encoding to TS1/0 on input line 392.
Package textcomp Info: Setting qhvc sub-encoding to TS1/0 on input line 393.
Package textcomp Info: Setting futs sub-encoding to TS1/4 on input line 394.
Package textcomp Info: Setting futx sub-encoding to TS1/4 on input line 395.
Package textcomp Info: Setting futj sub-encoding to TS1/4 on input line 396.
Package textcomp Info: Setting hlh sub-encoding to TS1/3 on input line 397.
Package textcomp Info: Setting hls sub-encoding to TS1/3 on input line 398.
Package textcomp Info: Setting hlst sub-encoding to TS1/3 on input line 399.
Package textcomp Info: Setting hlct sub-encoding to TS1/5 on input line 400.
Package textcomp Info: Setting hlx sub-encoding to TS1/5 on input line 401.
Package textcomp Info: Setting hlce sub-encoding to TS1/5 on input line 402.
Package textcomp Info: Setting hlcn sub-encoding to TS1/5 on input line 403.
Package textcomp Info: Setting hlcw sub-encoding to TS1/5 on input line 404.
Package textcomp Info: Setting hlcf sub-encoding to TS1/5 on input line 405.
Package textcomp Info: Setting pplx sub-encoding to TS1/3 on input line 406.
Package textcomp Info: Setting pplj sub-encoding to TS1/3 on input line 407.
Package textcomp Info: Setting ptmx sub-encoding to TS1/4 on input line 408.
Package textcomp Info: Setting ptmj sub-encoding to TS1/4 on input line 409.
)) ("C:\Program Files\MiKTeX 2.9\tex/latex/microtype\microtype.sty"
Package: microtype 2019/11/18 v2.7d Micro-typographical refinements (RS)
("C:\Program Files\MiKTeX 2.9\tex/latex/graphics\keyval.sty"
Package: keyval 2014/10/28 v1.15 key=value parser (DPC)
\KV@toks@=\toks20
)
\MT@toks=\toks21
\MT@count=\count271
LaTeX Info: Redefining \textls on input line 790.
\MT@outer@kern=\dimen147
LaTeX Info: Redefining \textmicrotypecontext on input line 1354.
\MT@listname@count=\count272
("C:\Program Files\MiKTeX 2.9\tex/latex/microtype\microtype-xetex.def"
File: microtype-xetex.def 2019/11/18 v2.7d Definitions specific to xetex (RS)
LaTeX Info: Redefining \lsstyle on input line 258.
)
Package microtype Info: Loading configuration file microtype.cfg.
("C:\Program Files\MiKTeX 2.9\tex/latex/microtype\microtype.cfg"
File: microtype.cfg 2019/11/18 v2.7d microtype main configuration file (RS)
)) ("C:\Program Files\MiKTeX 2.9\tex/latex/parskip\parskip.sty"
Package: parskip 2020-01-22 v2.0d non-zero parskip adjustments
("C:\Program Files\MiKTeX 2.9\tex/latex/oberdiek\kvoptions.sty"
Package: kvoptions 2016/05/16 v3.12 Key value format for package options (HO)
("C:\Program Files\MiKTeX 2.9\tex/generic/oberdiek\ltxcmds.sty"
Package: ltxcmds 2016/05/16 v1.23 LaTeX kernel commands for general use (HO)
) ("C:\Program Files\MiKTeX 2.9\tex/generic/oberdiek\kvsetkeys.sty"
Package: kvsetkeys 2016/05/16 v1.17 Key value parser (HO)
("C:\Program Files\MiKTeX 2.9\tex/generic/oberdiek\infwarerr.sty"
Package: infwarerr 2016/05/16 v1.4 Providing info/warning/error messages (HO)
) ("C:\Program Files\MiKTeX 2.9\tex/generic/oberdiek\etexcmds.sty"
Package: etexcmds 2016/05/16 v1.6 Avoid name clashes with e-TeX commands (HO)
))) ("C:\Program Files\MiKTeX 2.9\tex/latex/etoolbox\etoolbox.sty"
Package: etoolbox 2019/09/21 v2.5h e-TeX tools for LaTeX (JAW)
\etb@tempcnta=\count273
)) ("C:\Program Files\MiKTeX 2.9\tex/latex/xcolor\xcolor.sty"
Package: xcolor 2016/05/11 v2.12 LaTeX color extensions (UK)
("C:\Program Files\MiKTeX 2.9\tex/latex/graphics-cfg\color.cfg"
File: color.cfg 2016/01/02 v1.6 sample color configuration
)
Package xcolor Info: Driver file: xetex.def on input line 225.
("C:\Program Files\MiKTeX 2.9\tex/latex/graphics-def\xetex.def"
File: xetex.def 2017/06/24 v5.0h Graphics/color driver for xetex
)
Package xcolor Info: Model `cmy' substituted by `cmy0' on input line 1348.
Package xcolor Info: Model `RGB' extended on input line 1364.
Package xcolor Info: Model `HTML' substituted by `rgb' on input line 1366.
Package xcolor Info: Model `Hsb' substituted by `hsb' on input line 1367.
Package xcolor Info: Model `tHsb' substituted by `hsb' on input line 1368.
Package xcolor Info: Model `HSB' substituted by `hsb' on input line 1369.
Package xcolor Info: Model `Gray' substituted by `gray' on input line 1370.
Package xcolor Info: Model `wave' substituted by `hsb' on input line 1371.
("C:\Program Files\MiKTeX 2.9\tex/latex/graphics\dvipsnam.def"
File: dvipsnam.def 2016/06/17 v3.0m Driver-dependent file (DPC,SPQR)
) ("C:\Program Files\MiKTeX 2.9\tex/latex/xcolor\svgnam.def"
File: svgnam.def 2016/05/11 v2.12 Predefined colors according to SVG 1.1 (UK)
) ("C:\Program Files\MiKTeX 2.9\tex/latex/xcolor\x11nam.def"
File: x11nam.def 2016/05/11 v2.12 Predefined colors according to Unix/X11 (UK)
)) ("C:\Program Files\MiKTeX 2.9\tex/latex/xurl\xurl.sty"
Package: xurl 2020/01/24 v 0.09 modify URL breaks
("C:\Program Files\MiKTeX 2.9\tex/latex/url\url.sty"
\Urlmuskip=\muskip18
Package: url 2013/09/16  ver 3.4  Verb mode for urls, etc.
)) ("C:\Program Files\MiKTeX 2.9\tex/latex/oberdiek\bookmark.sty"
Package: bookmark 2019/06/04 v1.27 PDF bookmarks (HO)
("C:\Program Files\MiKTeX 2.9\tex/generic/oberdiek\pdfescape.sty"
Package: pdfescape 2016/05/16 v1.14 Implements pdfTeX's escape features (HO)
("C:\Program Files\MiKTeX 2.9\tex/latex/pdftexcmds\pdftexcmds.sty"
Package: pdftexcmds 2019/11/24 v0.31 Utility functions of pdfTeX for LuaTeX (HO
)
Package pdftexcmds Info: \pdf@primitive is available.
Package pdftexcmds Info: \pdf@ifprimitive is available.
Package pdftexcmds Info: \pdfdraftmode not found.
)) ("C:\Program Files\MiKTeX 2.9\tex/generic/iftex\ifpdf.sty"
Package: ifpdf 2019/10/25 v3.4 ifpdf legacy package. Use iftex instead.
) ("C:\Program Files\MiKTeX 2.9\tex/generic/iftex\ifvtex.sty"
Package: ifvtex 2019/10/25 v1.7 ifvtex legacy package. Use iftex instead.
) ("C:\Program Files\MiKTeX 2.9\tex/latex/hyperref\hyperref.sty"
Package: hyperref 2019/11/10 v7.00c Hypertext links for LaTeX
("C:\Program Files\MiKTeX 2.9\tex/generic/oberdiek\kvdefinekeys.sty"
Package: kvdefinekeys 2016/05/16 v1.4 Define keys (HO)
) ("C:\Program Files\MiKTeX 2.9\tex/latex/oberdiek\hycolor.sty"
Package: hycolor 2016/05/16 v1.8 Color options for hyperref/bookmark (HO)
("C:\Program Files\MiKTeX 2.9\tex/latex/oberdiek\xcolor-patch.sty"
Package: xcolor-patch 2016/05/16 xcolor patch
("C:\Program Files\MiKTeX 2.9\tex/latex/oberdiek\hopatch.sty"
Package: hopatch 2016/05/16 v1.3 Wrapper for package hooks (HO)
))) ("C:\Program Files\MiKTeX 2.9\tex/latex/oberdiek\letltxmacro.sty"
Package: letltxmacro 2016/05/16 v1.5 Let assignment for LaTeX macros (HO)
) ("C:\Program Files\MiKTeX 2.9\tex/latex/oberdiek\auxhook.sty"
Package: auxhook 2016/05/16 v1.4 Hooks for auxiliary files (HO)
)
\@linkdim=\dimen148
\Hy@linkcounter=\count274
\Hy@pagecounter=\count275
("C:\Program Files\MiKTeX 2.9\tex/latex/hyperref\pd1enc.def"
File: pd1enc.def 2019/11/10 v7.00c Hyperref: PDFDocEncoding definition (HO)
) ("C:\Program Files\MiKTeX 2.9\tex/generic/oberdiek\intcalc.sty"
Package: intcalc 2016/05/16 v1.2 Expandable calculations with integers (HO)
)
\Hy@SavedSpaceFactor=\count276
("C:\Program Files\MiKTeX 2.9\tex/latex/00miktex\hyperref.cfg"
File: hyperref.cfg 2002/06/06 v1.2 hyperref configuration of TeXLive
)
Package hyperref Info: Option `unicode' set `true' on input line 4409.
("C:\Program Files\MiKTeX 2.9\tex/latex/hyperref\puenc.def"
File: puenc.def 2019/11/10 v7.00c Hyperref: PDF Unicode definition (HO)
)
Package hyperref Info: Hyper figures OFF on input line 4535.
Package hyperref Info: Link nesting OFF on input line 4540.
Package hyperref Info: Hyper index ON on input line 4543.
Package hyperref Info: Plain pages OFF on input line 4550.
Package hyperref Info: Backreferencing OFF on input line 4555.
Package hyperref Info: Implicit mode ON; LaTeX internals redefined.
Package hyperref Info: Bookmarks ON on input line 4788.
\c@Hy@tempcnt=\count277
LaTeX Info: Redefining \url on input line 5147.
\XeTeXLinkMargin=\dimen149
("C:\Program Files\MiKTeX 2.9\tex/generic/oberdiek\bitset.sty"
Package: bitset 2016/05/16 v1.2 Handle bit-vector datatype (HO)
("C:\Program Files\MiKTeX 2.9\tex/generic/oberdiek\bigintcalc.sty"
Package: bigintcalc 2016/05/16 v1.4 Expandable calculations on big integers (HO
)
))
\Fld@menulength=\count278
\Field@Width=\dimen150
\Fld@charsize=\dimen151
Package hyperref Info: Hyper figures OFF on input line 6418.
Package hyperref Info: Link nesting OFF on input line 6423.
Package hyperref Info: Hyper index ON on input line 6426.
Package hyperref Info: backreferencing OFF on input line 6433.
Package hyperref Info: Link coloring OFF on input line 6438.
Package hyperref Info: Link coloring with OCG OFF on input line 6443.
Package hyperref Info: PDF/A mode OFF on input line 6448.
LaTeX Info: Redefining \ref on input line 6488.
LaTeX Info: Redefining \pageref on input line 6492.
("C:\Program Files\MiKTeX 2.9\tex/generic/oberdiek\atbegshi.sty"
Package: atbegshi 2016/06/09 v1.18 At begin shipout hook (HO)
)
\Hy@abspage=\count279
\c@Item=\count280
\c@Hfootnote=\count281
)
Package hyperref Info: Driver (autodetected): hxetex.
("C:\Program Files\MiKTeX 2.9\tex/latex/hyperref\hxetex.def"
File: hxetex.def 2019/11/10 v7.00c Hyperref driver for XeTeX
("C:\Program Files\MiKTeX 2.9\tex/generic/oberdiek\stringenc.sty"
Package: stringenc 2016/05/16 v1.11 Convert strings between diff. encodings (HO
)
)
\pdfm@box=\box48
\c@Hy@AnnotLevel=\count282
\HyField@AnnotCount=\count283
\Fld@listcount=\count284
\c@bookmark@seq@number=\count285
("C:\Program Files\MiKTeX 2.9\tex/latex/oberdiek\rerunfilecheck.sty"
Package: rerunfilecheck 2016/05/16 v1.8 Rerun checks for auxiliary files (HO)
("C:\Program Files\MiKTeX 2.9\tex/latex/oberdiek\atveryend.sty"
Package: atveryend 2016/05/16 v1.9 Hooks at the very end of document (HO)
) ("C:\Program Files\MiKTeX 2.9\tex/generic/oberdiek\uniquecounter.sty"
Package: uniquecounter 2016/05/16 v1.3 Provide unlimited unique counter (HO)
)
Package uniquecounter Info: New unique counter `rerunfilecheck' on input line 2
85.
)
\Hy@SectionHShift=\skip52
) ("C:\Program Files\MiKTeX 2.9\tex/latex/oberdiek\bkm-dvipdfm.def"
File: bkm-dvipdfm.def 2019/06/04 v1.27 bookmark driver for dvipdfm (HO)
\BKM@id=\count286
))
Package hyperref Info: Option `colorlinks' set `true' on input line 46.
("C:\Program Files\MiKTeX 2.9\tex/latex/tools\longtable.sty"
Package: longtable 2019/02/06 v4.12 Multi-page Table package (DPC)
\LTleft=\skip53
\LTright=\skip54
\LTpre=\skip55
\LTpost=\skip56
\LTchunksize=\count287
\LTcapwidth=\dimen152
\LT@head=\box49
\LT@firsthead=\box50
\LT@foot=\box51
\LT@lastfoot=\box52
\LT@cols=\count288
\LT@rows=\count289
\c@LT@tables=\count290
\c@LT@chunks=\count291
\LT@p@ftn=\toks22
) ("C:\Program Files\MiKTeX 2.9\tex/latex/booktabs\booktabs.sty"
Package: booktabs 2020/01/12 v1.61803398 Publication quality tables
\heavyrulewidth=\dimen153
\lightrulewidth=\dimen154
\cmidrulewidth=\dimen155
\belowrulesep=\dimen156
\belowbottomsep=\dimen157
\aboverulesep=\dimen158
\abovetopsep=\dimen159
\cmidrulesep=\dimen160
\cmidrulekern=\dimen161
\defaultaddspace=\dimen162
\@cmidla=\count292
\@cmidlb=\count293
\@aboverulesep=\dimen163
\@belowrulesep=\dimen164
\@thisruleclass=\count294
\@lastruleclass=\count295
\@thisrulewidth=\dimen165
) ("C:\Program Files\MiKTeX 2.9\tex/latex/footnotehyper\footnotehyper.sty"
Package: footnotehyper 2019/11/07 v1.1a hyperref aware footnote.sty (JFB)
\FNH@notes=\box53
\FNH@width=\dimen166
) ("C:\Program Files\MiKTeX 2.9\tex/latex/graphics\graphicx.sty"
Package: graphicx 2017/06/01 v1.1a Enhanced LaTeX Graphics (DPC,SPQR)
("C:\Program Files\MiKTeX 2.9\tex/latex/graphics\graphics.sty"
Package: graphics 2019/11/01 v1.3d Standard LaTeX Graphics (DPC,SPQR)
("C:\Program Files\MiKTeX 2.9\tex/latex/graphics\trig.sty"
Package: trig 2016/01/03 v1.10 sin cos tan (DPC)
) ("C:\Program Files\MiKTeX 2.9\tex/latex/graphics-cfg\graphics.cfg"
File: graphics.cfg 2016/06/04 v1.11 sample graphics configuration
)
Package graphics Info: Driver file: xetex.def on input line 105.
)
\Gin@req@height=\dimen167
\Gin@req@width=\dimen168
) ("C:\Program Files\MiKTeX 2.9\tex/latex/fancyhdr\fancyhdr.sty"
Package: fancyhdr 2019/01/31 v3.10 Extensive control of page headers and footer
s
\f@nch@headwidth=\skip57
\f@nch@O@elh=\skip58
\f@nch@O@erh=\skip59
\f@nch@O@olh=\skip60
\f@nch@O@orh=\skip61
\f@nch@O@elf=\skip62
\f@nch@O@erf=\skip63
\f@nch@O@olf=\skip64
\f@nch@O@orf=\skip65
) ("C:\Program Files\MiKTeX 2.9\tex/latex/placeins\placeins.sty"
Package: placeins 2005/04/18  v 2.2
) ("C:\Program Files\MiKTeX 2.9\tex/latex/amscls\amsthm.sty"
Package: amsthm 2017/10/31 v2.20.4
\thm@style=\toks23
\thm@bodyfont=\toks24
\thm@headfont=\toks25
\thm@notefont=\toks26
\thm@headpunct=\toks27
\thm@preskip=\skip66
\thm@postskip=\skip67
\thm@headsep=\skip68
\dth@everypar=\toks28
)
\cslhangindent=\skip69
(hpcModel-exploration.aux)
\openout1 = `hpcModel-exploration.aux'.

LaTeX Font Info:    Checking defaults for OML/cmm/m/it on input line 95.
LaTeX Font Info:    ... okay on input line 95.
LaTeX Font Info:    Checking defaults for T1/cmr/m/n on input line 95.
LaTeX Font Info:    ... okay on input line 95.
LaTeX Font Info:    Checking defaults for OT1/cmr/m/n on input line 95.
LaTeX Font Info:    ... okay on input line 95.
LaTeX Font Info:    Checking defaults for OMS/cmsy/m/n on input line 95.
LaTeX Font Info:    ... okay on input line 95.
LaTeX Font Info:    Checking defaults for TU/lmr/m/n on input line 95.
LaTeX Font Info:    ... okay on input line 95.
LaTeX Font Info:    Checking defaults for OMX/cmex/m/n on input line 95.
LaTeX Font Info:    ... okay on input line 95.
LaTeX Font Info:    Checking defaults for U/cmr/m/n on input line 95.
LaTeX Font Info:    ... okay on input line 95.
LaTeX Font Info:    Checking defaults for TS1/cmr/m/n on input line 95.
LaTeX Font Info:    ... okay on input line 95.
LaTeX Font Info:    Checking defaults for PD1/pdf/m/n on input line 95.
LaTeX Font Info:    ... okay on input line 95.
LaTeX Font Info:    Checking defaults for PU/pdf/m/n on input line 95.
LaTeX Font Info:    ... okay on input line 95.
LaTeX Font Info:    Overwriting math alphabet `\mathrm' in version `normal'
(Font)                  OT1/lmr/m/n --> TU/lmr/m/n on input line 95.
LaTeX Font Info:    Overwriting math alphabet `\mathit' in version `normal'
(Font)                  OT1/lmr/m/it --> TU/lmr/m/it on input line 95.
LaTeX Font Info:    Overwriting math alphabet `\mathbf' in version `normal'
(Font)                  OT1/lmr/bx/n --> TU/lmr/bx/n on input line 95.
LaTeX Font Info:    Overwriting math alphabet `\mathsf' in version `normal'
(Font)                  OT1/lmss/m/n --> TU/lmss/m/n on input line 95.
LaTeX Font Info:    Overwriting math alphabet `\mathsf' in version `bold'
(Font)                  OT1/lmss/bx/n --> TU/lmss/bx/n on input line 95.
LaTeX Font Info:    Overwriting math alphabet `\mathtt' in version `normal'
(Font)                  OT1/lmtt/m/n --> TU/lmtt/m/n on input line 95.
LaTeX Font Info:    Overwriting math alphabet `\mathtt' in version `bold'
(Font)                  OT1/lmtt/m/n --> TU/lmtt/bx/n on input line 95.

Package fontspec Info: latinmodern-math scale = 1.


Package fontspec Info: latinmodern-math scale = 1.


Package fontspec Info: latinmodern-math scale = 1.


Package fontspec Info: Font family 'latinmodern-math.otf(0)' created for font
(fontspec)             'latinmodern-math.otf' with options
(fontspec)             [Scale=MatchLowercase,BoldItalicFont={},ItalicFont={},Sm
allCapsFont={},Script=Math,BoldFont={latinmodern-math.otf}].
(fontspec)              
(fontspec)              This font family consists of the following NFSS
(fontspec)             series/shapes:
(fontspec)              
(fontspec)             - 'normal' (m/n) with NFSS spec.:
(fontspec)             <->s*[1]"[latinmodern-math.otf]/OT:script=math;language=
DFLT;"
(fontspec)             - 'small caps'  (m/sc) with NFSS spec.: 
(fontspec)             - 'bold' (bx/n) with NFSS spec.:
(fontspec)             <->s*[1]"[latinmodern-math.otf]/OT:script=math;language=
DFLT;"
(fontspec)             - 'bold small caps'  (bx/sc) with NFSS spec.: 

LaTeX Font Info:    Font shape `TU/latinmodern-math.otf(0)/m/n' will be
(Font)              scaled to size 10.0pt on input line 95.

Package fontspec Info: latinmodern-math scale = 1.


Package fontspec Info: latinmodern-math scale = 1.


Package fontspec Info: latinmodern-math scale = 1.


Package fontspec Info: latinmodern-math scale = 1.


Package fontspec Info: latinmodern-math scale = 1.


Package fontspec Info: Font family 'latinmodern-math.otf(1)' created for font
(fontspec)             'latinmodern-math.otf' with options
(fontspec)             [Scale=MatchLowercase,BoldItalicFont={},ItalicFont={},Sm
allCapsFont={},Script=Math,SizeFeatures={{Size=8.5-},{Size=6-8.5,Font=latinmode
rn-math.otf,Style=MathScript},{Size=-6,Font=latinmodern-math.otf,Style=MathScri
ptScript}},BoldFont={latinmodern-math.otf}].
(fontspec)              
(fontspec)              This font family consists of the following NFSS
(fontspec)             series/shapes:
(fontspec)              
(fontspec)             - 'normal' (m/n) with NFSS spec.:
(fontspec)             <8.5->s*[1]"[latinmodern-math.otf]/OT:script=math;langua
ge=DFLT;"<6-8.5>s*[1]"[latinmodern-math.otf]/OT:script=math;language=DFLT;+ssty
=0;"<-6>s*[1]"[latinmodern-math.otf]/OT:script=math;language=DFLT;+ssty=1;"
(fontspec)             - 'small caps'  (m/sc) with NFSS spec.: 
(fontspec)             - 'bold' (bx/n) with NFSS spec.:
(fontspec)             <->s*[1]"[latinmodern-math.otf]/OT:script=math;language=
DFLT;"
(fontspec)             - 'bold small caps'  (bx/sc) with NFSS spec.: 

LaTeX Font Info:    Font shape `TU/latinmodern-math.otf(1)/m/n' will be
(Font)              scaled to size 10.0pt on input line 95.
LaTeX Font Info:    Encoding `OT1' has changed to `TU' for symbol font
(Font)              `operators' in the math version `normal' on input line 95.
LaTeX Font Info:    Overwriting symbol font `operators' in version `normal'
(Font)                  OT1/lmr/m/n --> TU/latinmodern-math.otf(1)/m/n on input
 line 95.
LaTeX Font Info:    Encoding `OT1' has changed to `TU' for symbol font
(Font)              `operators' in the math version `bold' on input line 95.
LaTeX Font Info:    Overwriting symbol font `operators' in version `bold'
(Font)                  OT1/lmr/bx/n --> TU/latinmodern-math.otf(1)/bx/n on inp
ut line 95.

Package fontspec Info: latinmodern-math scale = 1.


Package fontspec Info: latinmodern-math scale = 1.0001.


Package fontspec Info: latinmodern-math scale = 1.


Package fontspec Info: latinmodern-math scale = 1.0001.


Package fontspec Info: latinmodern-math scale = 1.


Package fontspec Info: latinmodern-math scale = 1.0001.


Package fontspec Info: latinmodern-math scale = 1.


Package fontspec Info: latinmodern-math scale = 1.0001.


Package fontspec Info: latinmodern-math scale = 1.


Package fontspec Info: latinmodern-math scale = 1.0001.


Package fontspec Info: Font family 'latinmodern-math.otf(2)' created for font
(fontspec)             'latinmodern-math.otf' with options
(fontspec)             [Scale=MatchLowercase,BoldItalicFont={},ItalicFont={},Sm
allCapsFont={},Script=Math,SizeFeatures={{Size=8.5-},{Size=6-8.5,Font=latinmode
rn-math.otf,Style=MathScript},{Size=-6,Font=latinmodern-math.otf,Style=MathScri
ptScript}},BoldFont={latinmodern-math.otf},ScaleAgain=1.0001,FontAdjustment={\f
ontdimen
(fontspec)             8\font =6.77pt\relax \fontdimen 9\font =3.94pt\relax
(fontspec)             \fontdimen 10\font =4.44pt\relax \fontdimen 11\font
(fontspec)             =6.86pt\relax \fontdimen 12\font =3.45pt\relax
(fontspec)             \fontdimen 13\font =3.63pt\relax \fontdimen 14\font
(fontspec)             =3.63pt\relax \fontdimen 15\font =2.89pt\relax
(fontspec)             \fontdimen 16\font =2.47pt\relax \fontdimen 17\font
(fontspec)             =2.47pt\relax \fontdimen 18\font =2.5pt\relax
(fontspec)             \fontdimen 19\font =2.0pt\relax \fontdimen 22\font
(fontspec)             =2.5pt\relax \fontdimen 20\font =0pt\relax \fontdimen
(fontspec)             21\font =0pt\relax }].
(fontspec)              
(fontspec)              This font family consists of the following NFSS
(fontspec)             series/shapes:
(fontspec)              
(fontspec)             - 'normal' (m/n) with NFSS spec.:
(fontspec)             <8.5->s*[1.0001]"[latinmodern-math.otf]/OT:script=math;l
anguage=DFLT;"<6-8.5>s*[1.0001]"[latinmodern-math.otf]/OT:script=math;language=
DFLT;+ssty=0;"<-6>s*[1.0001]"[latinmodern-math.otf]/OT:script=math;language=DFL
T;+ssty=1;"
(fontspec)             - 'small caps'  (m/sc) with NFSS spec.: 
(fontspec)             and font adjustment code:
(fontspec)             \fontdimen 8\font =6.77pt\relax \fontdimen 9\font
(fontspec)             =3.94pt\relax \fontdimen 10\font =4.44pt\relax
(fontspec)             \fontdimen 11\font =6.86pt\relax \fontdimen 12\font
(fontspec)             =3.45pt\relax \fontdimen 13\font =3.63pt\relax
(fontspec)             \fontdimen 14\font =3.63pt\relax \fontdimen 15\font
(fontspec)             =2.89pt\relax \fontdimen 16\font =2.47pt\relax
(fontspec)             \fontdimen 17\font =2.47pt\relax \fontdimen 18\font
(fontspec)             =2.5pt\relax \fontdimen 19\font =2.0pt\relax \fontdimen
(fontspec)             22\font =2.5pt\relax \fontdimen 20\font =0pt\relax
(fontspec)             \fontdimen 21\font =0pt\relax 
(fontspec)             - 'bold' (bx/n) with NFSS spec.:
(fontspec)             <->s*[1.0001]"[latinmodern-math.otf]/OT:script=math;lang
uage=DFLT;"
(fontspec)             - 'bold small caps'  (bx/sc) with NFSS spec.: 
(fontspec)             and font adjustment code:
(fontspec)             \fontdimen 8\font =6.77pt\relax \fontdimen 9\font
(fontspec)             =3.94pt\relax \fontdimen 10\font =4.44pt\relax
(fontspec)             \fontdimen 11\font =6.86pt\relax \fontdimen 12\font
(fontspec)             =3.45pt\relax \fontdimen 13\font =3.63pt\relax
(fontspec)             \fontdimen 14\font =3.63pt\relax \fontdimen 15\font
(fontspec)             =2.89pt\relax \fontdimen 16\font =2.47pt\relax
(fontspec)             \fontdimen 17\font =2.47pt\relax \fontdimen 18\font
(fontspec)             =2.5pt\relax \fontdimen 19\font =2.0pt\relax \fontdimen
(fontspec)             22\font =2.5pt\relax \fontdimen 20\font =0pt\relax
(fontspec)             \fontdimen 21\font =0pt\relax 

LaTeX Font Info:    Encoding `OMS' has changed to `TU' for symbol font
(Font)              `symbols' in the math version `normal' on input line 95.
LaTeX Font Info:    Overwriting symbol font `symbols' in version `normal'
(Font)                  OMS/lmsy/m/n --> TU/latinmodern-math.otf(2)/m/n on inpu
t line 95.
LaTeX Font Info:    Encoding `OMS' has changed to `TU' for symbol font
(Font)              `symbols' in the math version `bold' on input line 95.
LaTeX Font Info:    Overwriting symbol font `symbols' in version `bold'
(Font)                  OMS/lmsy/b/n --> TU/latinmodern-math.otf(2)/bx/n on inp
ut line 95.

Package fontspec Info: latinmodern-math scale = 1.


Package fontspec Info: latinmodern-math scale = 0.9999.


Package fontspec Info: latinmodern-math scale = 1.


Package fontspec Info: latinmodern-math scale = 0.9999.


Package fontspec Info: latinmodern-math scale = 1.


Package fontspec Info: latinmodern-math scale = 0.9999.


Package fontspec Info: latinmodern-math scale = 1.


Package fontspec Info: latinmodern-math scale = 0.9999.


Package fontspec Info: latinmodern-math scale = 1.


Package fontspec Info: latinmodern-math scale = 0.9999.


Package fontspec Info: Font family 'latinmodern-math.otf(3)' created for font
(fontspec)             'latinmodern-math.otf' with options
(fontspec)             [Scale=MatchLowercase,BoldItalicFont={},ItalicFont={},Sm
allCapsFont={},Script=Math,SizeFeatures={{Size=8.5-},{Size=6-8.5,Font=latinmode
rn-math.otf,Style=MathScript},{Size=-6,Font=latinmodern-math.otf,Style=MathScri
ptScript}},BoldFont={latinmodern-math.otf},ScaleAgain=0.9999,FontAdjustment={\f
ontdimen
(fontspec)             8\font =0.4pt\relax \fontdimen 9\font =2.0pt\relax
(fontspec)             \fontdimen 10\font =1.67pt\relax \fontdimen 11\font
(fontspec)             =1.11pt\relax \fontdimen 12\font =6.0pt\relax
(fontspec)             \fontdimen 13\font =0pt\relax }].
(fontspec)              
(fontspec)              This font family consists of the following NFSS
(fontspec)             series/shapes:
(fontspec)              
(fontspec)             - 'normal' (m/n) with NFSS spec.:
(fontspec)             <8.5->s*[0.9999]"[latinmodern-math.otf]/OT:script=math;l
anguage=DFLT;"<6-8.5>s*[0.9999]"[latinmodern-math.otf]/OT:script=math;language=
DFLT;+ssty=0;"<-6>s*[0.9999]"[latinmodern-math.otf]/OT:script=math;language=DFL
T;+ssty=1;"
(fontspec)             - 'small caps'  (m/sc) with NFSS spec.: 
(fontspec)             and font adjustment code:
(fontspec)             \fontdimen 8\font =0.4pt\relax \fontdimen 9\font
(fontspec)             =2.0pt\relax \fontdimen 10\font =1.67pt\relax
(fontspec)             \fontdimen 11\font =1.11pt\relax \fontdimen 12\font
(fontspec)             =6.0pt\relax \fontdimen 13\font =0pt\relax 
(fontspec)             - 'bold' (bx/n) with NFSS spec.:
(fontspec)             <->s*[0.9999]"[latinmodern-math.otf]/OT:script=math;lang
uage=DFLT;"
(fontspec)             - 'bold small caps'  (bx/sc) with NFSS spec.: 
(fontspec)             and font adjustment code:
(fontspec)             \fontdimen 8\font =0.4pt\relax \fontdimen 9\font
(fontspec)             =2.0pt\relax \fontdimen 10\font =1.67pt\relax
(fontspec)             \fontdimen 11\font =1.11pt\relax \fontdimen 12\font
(fontspec)             =6.0pt\relax \fontdimen 13\font =0pt\relax 

LaTeX Font Info:    Encoding `OMX' has changed to `TU' for symbol font
(Font)              `largesymbols' in the math version `normal' on input line 9
5.
LaTeX Font Info:    Overwriting symbol font `largesymbols' in version `normal'
(Font)                  OMX/lmex/m/n --> TU/latinmodern-math.otf(3)/m/n on inpu
t line 95.
LaTeX Font Info:    Encoding `OMX' has changed to `TU' for symbol font
(Font)              `largesymbols' in the math version `bold' on input line 95.

LaTeX Font Info:    Overwriting symbol font `largesymbols' in version `bold'
(Font)                  OMX/lmex/m/n --> TU/latinmodern-math.otf(3)/bx/n on inp
ut line 95.
LaTeX Info: Redefining \microtypecontext on input line 95.
Package microtype Info: Character protrusion enabled (level 2).
Package microtype Info: Using protrusion set `basicmath'.
Package microtype Info: No adjustment of tracking.
Package microtype Info: No adjustment of spacing.
Package microtype Info: No adjustment of kerning.
("C:\Program Files\MiKTeX 2.9\tex/latex/microtype\mt-LatinModernRoman.cfg"
File: mt-LatinModernRoman.cfg 2013/03/13 v1.0 microtype config. file: Latin Mod
ern Roman (RS)
)
\AtBeginShipoutBox=\box54
Package hyperref Info: Link coloring ON on input line 95.
("C:\Program Files\MiKTeX 2.9\tex/latex/hyperref\nameref.sty"
Package: nameref 2019/09/16 v2.46 Cross-referencing by name of section
("C:\Program Files\MiKTeX 2.9\tex/latex/oberdiek\refcount.sty"
Package: refcount 2016/05/16 v3.5 Data extraction from label references (HO)
) ("C:\Program Files\MiKTeX 2.9\tex/generic/oberdiek\gettitlestring.sty"
Package: gettitlestring 2016/05/16 v1.5 Cleanup title references (HO)
)
\c@section@level=\count296
)
LaTeX Info: Redefining \ref on input line 95.
LaTeX Info: Redefining \pageref on input line 95.
LaTeX Info: Redefining \nameref on input line 95.
LaTeX Font Info:    Font shape `TU/latinmodern-math.otf(1)/m/n' will be
(Font)              scaled to size 12.0pt on input line 97.
LaTeX Font Info:    Font shape `TU/latinmodern-math.otf(1)/m/n' will be
(Font)              scaled to size 8.0pt on input line 97.
LaTeX Font Info:    Font shape `TU/latinmodern-math.otf(1)/m/n' will be
(Font)              scaled to size 6.0pt on input line 97.
LaTeX Font Info:    Trying to load font information for OML+lmm on input line 9
7.
("C:\Program Files\MiKTeX 2.9\tex/latex/lm\omllmm.fd"
File: omllmm.fd 2009/10/30 v1.6 Font defs for Latin Modern
)
LaTeX Font Info:    Font shape `TU/latinmodern-math.otf(2)/m/n' will be
(Font)              scaled to size 12.00128pt on input line 97.
LaTeX Font Info:    Font shape `TU/latinmodern-math.otf(2)/m/n' will be
(Font)              scaled to size 8.00085pt on input line 97.
LaTeX Font Info:    Font shape `TU/latinmodern-math.otf(2)/m/n' will be
(Font)              scaled to size 6.00064pt on input line 97.
LaTeX Font Info:    Font shape `TU/latinmodern-math.otf(3)/m/n' will be
(Font)              scaled to size 11.99872pt on input line 97.
LaTeX Font Info:    Font shape `TU/latinmodern-math.otf(3)/m/n' will be
(Font)              scaled to size 7.99915pt on input line 97.
LaTeX Font Info:    Font shape `TU/latinmodern-math.otf(3)/m/n' will be
(Font)              scaled to size 5.99936pt on input line 97.
LaTeX Font Info:    Trying to load font information for U+msa on input line 97.

("C:\Program Files\MiKTeX 2.9\tex/latex/amsfonts\umsa.fd"
File: umsa.fd 2013/01/14 v3.01 AMS symbols A
) ("C:\Program Files\MiKTeX 2.9\tex/latex/microtype\mt-msa.cfg"
File: mt-msa.cfg 2006/02/04 v1.1 microtype config. file: AMS symbols (a) (RS)
)
LaTeX Font Info:    Trying to load font information for U+msb on input line 97.

("C:\Program Files\MiKTeX 2.9\tex/latex/amsfonts\umsb.fd"
File: umsb.fd 2013/01/14 v3.01 AMS symbols B
) ("C:\Program Files\MiKTeX 2.9\tex/latex/microtype\mt-msb.cfg"
File: mt-msb.cfg 2005/06/01 v1.0 microtype config. file: AMS symbols (b) (RS)
) [1


]

LaTeX Font Warning: Font shape `TU/lmr/bx/sc' undefined
(Font)              using `TU/lmr/bx/n' instead on input line 106.

File: images/hpcModel-logo_v2.png Graphic file (type bmp)
<images/hpcModel-logo_v2.png>
[1] (hpcModel-exploration.toc
LaTeX Font Info:    Font shape `TU/latinmodern-math.otf(1)/m/n' will be
(Font)              scaled to size 7.0pt on input line 3.
LaTeX Font Info:    Font shape `TU/latinmodern-math.otf(1)/m/n' will be
(Font)              scaled to size 5.0pt on input line 3.
LaTeX Font Info:    Font shape `TU/latinmodern-math.otf(2)/m/n' will be
(Font)              scaled to size 10.00107pt on input line 3.
LaTeX Font Info:    Font shape `TU/latinmodern-math.otf(2)/m/n' will be
(Font)              scaled to size 7.00075pt on input line 3.
LaTeX Font Info:    Font shape `TU/latinmodern-math.otf(2)/m/n' will be
(Font)              scaled to size 5.00053pt on input line 3.
LaTeX Font Info:    Font shape `TU/latinmodern-math.otf(3)/m/n' will be
(Font)              scaled to size 9.99893pt on input line 3.
LaTeX Font Info:    Font shape `TU/latinmodern-math.otf(3)/m/n' will be
(Font)              scaled to size 6.99925pt on input line 3.
LaTeX Font Info:    Font shape `TU/latinmodern-math.otf(3)/m/n' will be
(Font)              scaled to size 4.99947pt on input line 3.
[1

])
\tf@toc=\write3
\openout3 = `hpcModel-exploration.toc'.

[2] [3

] [4

] [5]
Missing character: There is no ﻿ in font [lmroman10-regular]:mapping=tex-text;!
Missing character: There is no ﻿ in font [lmroman10-regular]:mapping=tex-text;!
Missing character: There is no ﻿ in font [lmroman10-regular]:mapping=tex-text;!
Missing character: There is no ﻿ in font [lmroman10-regular]:mapping=tex-text;!
Missing character: There is no ﻿ in font [lmroman10-regular]:mapping=tex-text;!
Missing character: There is no ﻿ in font [lmroman10-regular]:mapping=tex-text;!
Missing character: There is no ﻿ in font [lmroman10-regular]:mapping=tex-text;!
Missing character: There is no ﻿ in font [lmroman10-regular]:mapping=tex-text;!
Missing character: There is no ﻿ in font [lmroman10-regular]:mapping=tex-text;!
Missing character: There is no ﻿ in font [lmroman10-regular]:mapping=tex-text;!
[6] [7] [8] [9]
Missing character: There is no ﻿ in font [lmroman10-regular]:mapping=tex-text;!
Missing character: There is no ﻿ in font [lmroman10-regular]:mapping=tex-text;!
Missing character: There is no ﻿ in font [lmroman10-regular]:mapping=tex-text;!
Missing character: There is no ﻿ in font [lmroman10-regular]:mapping=tex-text;!
[10] [11]
Overfull \hbox (39.48853pt too wide) in paragraph at lines 432--433
[]\TU/lmtt/m/n/10 initial_population_humans\TU/lmr/m/n/10 , 
 []


Overfull \hbox (38.09853pt too wide) in paragraph at lines 432--433
\TU/lmtt/m/n/10 initial_population_plants|  
 []


Overfull \hbox (7.98853pt too wide) in paragraph at lines 439--440
[]\TU/lmtt/m/n/10 number_types_humans\TU/lmr/m/n/10 , 
 []


Overfull \hbox (6.59853pt too wide) in paragraph at lines 439--440
\TU/lmtt/m/n/10 number_types_plants|  
 []


Overfull \hbox (49.98853pt too wide) in paragraph at lines 446--447
[]\TU/lmtt/m/n/10 undirected_variation_humans\TU/lmr/m/n/10 , 
 []


Overfull \hbox (48.59853pt too wide) in paragraph at lines 446--447
\TU/lmtt/m/n/10 undirected_variation_plants|  
 []


Overfull \hbox (55.23853pt too wide) in paragraph at lines 453--454
[]\TU/lmtt/m/n/10 intrinsic_growth_rate_humans\TU/lmr/m/n/10 , 
 []


Overfull \hbox (53.84853pt too wide) in paragraph at lines 453--454
\TU/lmtt/m/n/10 intrinsic_growth_rate_plants|  
 []


Overfull \hbox (127.34853pt too wide) in paragraph at lines 460--461
[]\TU/lmtt/m/n/10 utility_per_capita_type_n_plants_to_humans|  
 []


Overfull \hbox (127.34853pt too wide) in paragraph at lines 467--468
[]\TU/lmtt/m/n/10 utility_per_capita_type_1_plants_to_humans|  
 []


Overfull \hbox (127.34853pt too wide) in paragraph at lines 474--475
[]\TU/lmtt/m/n/10 utility_per_capita_type_n_humans_to_plants|  
 []


Overfull \hbox (127.34853pt too wide) in paragraph at lines 481--482
[]\TU/lmtt/m/n/10 utility_per_capita_type_1_humans_to_plants|  
 []


Overfull \hbox (64.34853pt too wide) in paragraph at lines 488--489
[]\TU/lmtt/m/n/10 utility_other_to_type_n_plants|  
 []


Overfull \hbox (64.34853pt too wide) in paragraph at lines 495--496
[]\TU/lmtt/m/n/10 utility_other_to_type_1_plants|  
 []


Overfull \hbox (64.34853pt too wide) in paragraph at lines 502--503
[]\TU/lmtt/m/n/10 utility_other_to_type_n_humans|  
 []


Overfull \hbox (64.34853pt too wide) in paragraph at lines 509--510
[]\TU/lmtt/m/n/10 utility_other_to_type_1_humans|  
 []


Overfull \hbox (1.34853pt too wide) in paragraph at lines 537--538
[]\TU/lmtt/m/n/10 reltol_exponential|  
 []


Overfull \hbox (17.09853pt too wide) in paragraph at lines 544--545
[]\TU/lmtt/m/n/10 coevolution_threshold|  
 []

[12]
Overfull \hbox (3.18979pt too wide) in paragraph at lines 583--584
[]\TU/lmtt/m/n/10 carrying_capacity_humans\TU/lmr/m/n/10 , 
 []


Overfull \hbox (1.79979pt too wide) in paragraph at lines 583--584
\TU/lmtt/m/n/10 carrying_capacity_plants|  
 []


Overfull \hbox (3.18979pt too wide) in paragraph at lines 590--591
[]\TU/lmtt/m/n/10 utility_humans_to_plants\TU/lmr/m/n/10 , 
 []


Overfull \hbox (1.79979pt too wide) in paragraph at lines 590--591
\TU/lmtt/m/n/10 utility_plants_to_humans|  
 []


Overfull \hbox (1.46228pt too wide) in paragraph at lines 613--614
[]$[][][][][][][][]  [][][][][][][]$|  
 []


Overfull \hbox (87.18979pt too wide) in paragraph at lines 618--619
[]\TU/lmtt/m/n/10 type_utility_per_capita_humans_to_plants\TU/lmr/m/n/10 , 
 []


Overfull \hbox (85.79979pt too wide) in paragraph at lines 618--619
\TU/lmtt/m/n/10 type_utility_per_capita_plants_to_humans|  
 []


Overfull \hbox (24.18979pt too wide) in paragraph at lines 625--626
[]\TU/lmtt/m/n/10 type_utility_other_to_humans\TU/lmr/m/n/10 , 
 []


Overfull \hbox (22.79979pt too wide) in paragraph at lines 625--626
\TU/lmtt/m/n/10 type_utility_other_to_plants|  
 []


Overfull \hbox (3.18979pt too wide) in paragraph at lines 639--640
[]\TU/lmtt/m/n/10 population_change_humans\TU/lmr/m/n/10 , 
 []


Overfull \hbox (1.79979pt too wide) in paragraph at lines 639--640
\TU/lmtt/m/n/10 population_change_plants|  
 []

[13] [14] [15] [16]
Overfull \hbox (34.68979pt too wide) in paragraph at lines 703--704
[]\TU/lmtt/m/n/10 coevolution_coefficient_humans\TU/lmr/m/n/10 , 
 []


Overfull \hbox (33.29979pt too wide) in paragraph at lines 703--704
\TU/lmtt/m/n/10 coevolution_coefficient_plants|  
 []


Overfull \hbox (29.43979pt too wide) in paragraph at lines 710--711
[]\TU/lmtt/m/n/10 dependency_coefficient_humans\TU/lmr/m/n/10 , 
 []


Overfull \hbox (28.04979pt too wide) in paragraph at lines 710--711
\TU/lmtt/m/n/10 dependency_coefficient_plants|  
 []


Overfull \hbox (9.89131pt too wide) in paragraph at lines 712--713
[]$[][][][][][][][]  [][][][][][][]$|  
 []


Overfull \hbox (7.73131pt too wide) in paragraph at lines 719--720
[]$[][][][][][][][]  [][][][][][][]$|  
 []

[17] [18] [19] [20

]
Chapter 1.
[21] [22]
File: plots/1_singleRun_coevolution-sameTiming_defaultPlot.png Graphic file (ty
pe bmp)
<plots/1_singleRun_coevolution-sameTiming_defaultPlot.png>
[23]
File: plots/1_singleRun_coevolution-sameTiming_ggplot.png Graphic file (type bm
p)
<plots/1_singleRun_coevolution-sameTiming_ggplot.png>
[24]
File: hpcModel-exploration_files/figure-latex/1_run_noCoevolution-plot-1.pdf Gr
aphic file (type pdf)
<use hpcModel-exploration_files/figure-latex/1_run_noCoevolution-plot-1.pdf>
[25]
File: hpcModel-exploration_files/figure-latex/1_run_coevolution_earlyHumanChang
e-plot-1.pdf Graphic file (type pdf)
<use hpcModel-exploration_files/figure-latex/1_run_coevolution_earlyHumanChange
-plot-1.pdf>
[26]
File: hpcModel-exploration_files/figure-latex/1_run_coevolution_earlyPlantChang
e-plot-1.pdf Graphic file (type pdf)
<use hpcModel-exploration_files/figure-latex/1_run_coevolution_earlyPlantChange
-plot-1.pdf>
[27]
File: hpcModel-exploration_files/figure-latex/1_run_partialCoevolution_noPlantC
hange-plot-1.pdf Graphic file (type pdf)
<use hpcModel-exploration_files/figure-latex/1_run_partialCoevolution_noPlantCh
ange-plot-1.pdf>
[28]
File: hpcModel-exploration_files/figure-latex/1_run_coevolution_bleep-plot-1.pd
f Graphic file (type pdf)
<use hpcModel-exploration_files/figure-latex/1_run_coevolution_bleep-plot-1.pdf
>
[29]
File: hpcModel-exploration_files/figure-latex/1_run_coevolution_boom-plot-1.pdf
 Graphic file (type pdf)
<use hpcModel-exploration_files/figure-latex/1_run_coevolution_boom-plot-1.pdf>

[30]
File: hpcModel-exploration_files/figure-latex/1_run_coevolution_longBoom-plot-1
.pdf Graphic file (type pdf)
<use hpcModel-exploration_files/figure-latex/1_run_coevolution_longBoom-plot-1.
pdf>
[31]
File: hpcModel-exploration_files/figure-latex/1_run_partialCoevolution-plot-1.p
df Graphic file (type pdf)
<use hpcModel-exploration_files/figure-latex/1_run_partialCoevolution-plot-1.pd
f>
[32]
File: hpcModel-exploration_files/figure-latex/1_run_partialCoevolution_oscillat
ion1-plot-1.pdf Graphic file (type pdf)
<use hpcModel-exploration_files/figure-latex/1_run_partialCoevolution_oscillati
on1-plot-1.pdf>
File: hpcModel-exploration_files/figure-latex/1_run_partialCoevolution_oscillat
ion2-plot-1.pdf Graphic file (type pdf)
<use hpcModel-exploration_files/figure-latex/1_run_partialCoevolution_oscillati
on2-plot-1.pdf>

Underfull \vbox (badness 10000) has occurred while \output is active []

[33] [34]
Chapter 2.
[35

]
Overfull \hbox (145.60004pt too wide) in paragraph at lines 926--993
 [][] 
 []

File: plots/2_exp_utility_per_capita_type_n_plants_to_humans_bifurcationPlotSim
ple.png Graphic file (type bmp)
<plots/2_exp_utility_per_capita_type_n_plants_to_humans_bifurcationPlotSimple.p
ng>
File: plots/2_exp_utility_per_capita_type_n_plants_to_humans_bifurcationPlotPai
r.png Graphic file (type bmp)
<plots/2_exp_utility_per_capita_type_n_plants_to_humans_bifurcationPlotPair.png
>

Underfull \vbox (badness 10000) has occurred while \output is active []

[36] [37]
Overfull \hbox (3.46838pt too wide) in paragraph at lines 1007--1007
[]\TU/lmr/bx/n/12 Initial populations of humans and plants ($[][][][][][]  [][]
[][][]$) 
 []

File: plots/2_exp_initial_population_humans_bifurcationPlotPair.png Graphic fil
e (type bmp)
<plots/2_exp_initial_population_humans_bifurcationPlotPair.png>
File: plots/2_exp_initial_population_plants_bifurcationPlotPair.png Graphic fil
e (type bmp)
<plots/2_exp_initial_population_plants_bifurcationPlotPair.png>
File: plots/2_exp_number_types_humans_bifurcationPlotPair.png Graphic file (typ
e bmp)
<plots/2_exp_number_types_humans_bifurcationPlotPair.png>
File: plots/2_exp_number_types_plants_bifurcationPlotPair.png Graphic file (typ
e bmp)
<plots/2_exp_number_types_plants_bifurcationPlotPair.png>

Underfull \vbox (badness 10000) has occurred while \output is active []

[38]
File: plots/2_exp_undirected_variation_humans_bifurcationPlotPair.png Graphic f
ile (type bmp)
<plots/2_exp_undirected_variation_humans_bifurcationPlotPair.png>
File: plots/2_exp_undirected_variation_plants_bifurcationPlotPair.png Graphic f
ile (type bmp)
<plots/2_exp_undirected_variation_plants_bifurcationPlotPair.png>
File: plots/2_exp_intrinsic_growth_rate_humans_bifurcationPlotPair.png Graphic 
file (type bmp)
<plots/2_exp_intrinsic_growth_rate_humans_bifurcationPlotPair.png>

Underfull \vbox (badness 10000) has occurred while \output is active []


Overfull \hbox (7.92345pt too wide) has occurred while \output is active
\TU/lmr/m/sl/10 2.2.  EXPLORATION ON ‘DEFAULT’ SETTING FOR EACH PARAMETER: \TU/
lmr/m/n/10 39
 []

[39]
File: plots/2_exp_intrinsic_growth_rate_plants_bifurcationPlotPair.png Graphic 
file (type bmp)
<plots/2_exp_intrinsic_growth_rate_plants_bifurcationPlotPair.png>
File: plots/2_exp_utility_per_capita_type_n_plants_to_humans_bifurcationPlotPai
r.png Graphic file (type bmp)
<plots/2_exp_utility_per_capita_type_n_plants_to_humans_bifurcationPlotPair.png
>
File: plots/2_exp_utility_per_capita_type_n_humans_to_plants_bifurcationPlotPai
r.png Graphic file (type bmp)
<plots/2_exp_utility_per_capita_type_n_humans_to_plants_bifurcationPlotPair.png
>

Underfull \vbox (badness 10000) has occurred while \output is active []

[40]
File: plots/2_exp_utility_per_capita_type_1_plants_to_humans_bifurcationPlotPai
r.png Graphic file (type bmp)
<plots/2_exp_utility_per_capita_type_1_plants_to_humans_bifurcationPlotPair.png
>
File: plots/2_exp_utility_per_capita_type_1_humans_to_plants_bifurcationPlotPai
r.png Graphic file (type bmp)
<plots/2_exp_utility_per_capita_type_1_humans_to_plants_bifurcationPlotPair.png
>
File: plots/2_exp_utility_other_to_type_1_humans_bifurcationPlotPair.png Graphi
c file (type bmp)
<plots/2_exp_utility_other_to_type_1_humans_bifurcationPlotPair.png>

Underfull \vbox (badness 10000) has occurred while \output is active []


Overfull \hbox (7.92345pt too wide) has occurred while \output is active
\TU/lmr/m/sl/10 2.2.  EXPLORATION ON ‘DEFAULT’ SETTING FOR EACH PARAMETER: \TU/
lmr/m/n/10 41
 []

[41]
File: plots/2_exp_utility_other_to_type_1_plants_bifurcationPlotPair.png Graphi
c file (type bmp)
<plots/2_exp_utility_other_to_type_1_plants_bifurcationPlotPair.png>
File: plots/2_exp_utility_other_to_type_n_humans_bifurcationPlotPair.png Graphi
c file (type bmp)
<plots/2_exp_utility_other_to_type_n_humans_bifurcationPlotPair.png>
File: plots/2_exp_utility_other_to_type_n_plants_bifurcationPlotPair.png Graphi
c file (type bmp)
<plots/2_exp_utility_other_to_type_n_plants_bifurcationPlotPair.png>

Underfull \vbox (badness 6364) has occurred while \output is active []

[42]
File: plots/2_exp_max_area_bifurcationPlotPair.png Graphic file (type bmp)
<plots/2_exp_max_area_bifurcationPlotPair.png>
File: plots/2_exp_utility_per_capita_type_n_humans_to_plants_oscillation_bifurc
ationPlotPair.png Graphic file (type bmp)
<plots/2_exp_utility_per_capita_type_n_humans_to_plants_oscillation_bifurcation
PlotPair.png>

Underfull \vbox (badness 10000) has occurred while \output is active []

[43]
File: plots/2_exp_utility_per_capita_type_n_plants_to_humans_oscillation_bifurc
ationPlotPair.png Graphic file (type bmp)
<plots/2_exp_utility_per_capita_type_n_plants_to_humans_oscillation_bifurcation
PlotPair.png>
[44]
Chapter 3.
[45

]
Overfull \hbox (145.60004pt too wide) in paragraph at lines 1112--1179
 [][] 
 []

[46]
File: plots/3_exp_utility_per_capita_type_n-tripleRaster_twoParameters.png Grap
hic file (type bmp)
<plots/3_exp_utility_per_capita_type_n-tripleRaster_twoParameters.png>
[47]
File: plots/3_exp_number_types-tripleRaster_twoParameters.png Graphic file (typ
e bmp)
<plots/3_exp_number_types-tripleRaster_twoParameters.png>
[48]
File: plots/3_exp_undirected_variation-tripleRaster_twoParameters.png Graphic f
ile (type bmp)
<plots/3_exp_undirected_variation-tripleRaster_twoParameters.png>
[49]
File: plots/3_exp_utility_per_capita_type_1-tripleRaster_twoParameters.png Grap
hic file (type bmp)
<plots/3_exp_utility_per_capita_type_1-tripleRaster_twoParameters.png>
[50]
File: plots/3_exp_utility_per_capita_type_n-tripleRaster_twoParameters.png Grap
hic file (type bmp)
<plots/3_exp_utility_per_capita_type_n-tripleRaster_twoParameters.png>
[51]
File: plots/3_exp_utility_per_capita_type_humans_to_plants-tripleRaster_twoPara
meters.png Graphic file (type bmp)
<plots/3_exp_utility_per_capita_type_humans_to_plants-tripleRaster_twoParameter
s.png>
[52]
File: plots/3_exp_utility_per_capita_type_plants_to_humans-tripleRaster_twoPara
meters.png Graphic file (type bmp)
<plots/3_exp_utility_per_capita_type_plants_to_humans-tripleRaster_twoParameter
s.png>
[53]
File: plots/3_exp_utility_other_to_type_1-tripleRaster_twoParameters.png Graphi
c file (type bmp)
<plots/3_exp_utility_other_to_type_1-tripleRaster_twoParameters.png>
[54]
File: plots/3_exp_utility_other_to_type_n-tripleRaster_twoParameters.png Graphi
c file (type bmp)
<plots/3_exp_utility_other_to_type_n-tripleRaster_twoParameters.png>
[55]
File: plots/3_exp_utility_other_to_type_humans-tripleRaster_twoParameters.png G
raphic file (type bmp)
<plots/3_exp_utility_other_to_type_humans-tripleRaster_twoParameters.png>
[56]
File: plots/3_exp_utility_other_to_type_plants-tripleRaster_twoParameters.png G
raphic file (type bmp)
<plots/3_exp_utility_other_to_type_plants-tripleRaster_twoParameters.png>
File: plots/3_exp_type_1_humans_traits-tripleRaster_twoParameters.png Graphic f
ile (type bmp)
<plots/3_exp_type_1_humans_traits-tripleRaster_twoParameters.png>

Underfull \vbox (badness 10000) has occurred while \output is active []

[57] [58]
File: plots/3_exp_type_1_plants_traits-tripleRaster_twoParameters.png Graphic f
ile (type bmp)
<plots/3_exp_type_1_plants_traits-tripleRaster_twoParameters.png>
[59]
File: plots/3_exp_type_n_humans_traits-tripleRaster_twoParameters.png Graphic f
ile (type bmp)
<plots/3_exp_type_n_humans_traits-tripleRaster_twoParameters.png>
[60]
File: plots/3_exp_type_n_plants_traits-tripleRaster_twoParameters.png Graphic f
ile (type bmp)
<plots/3_exp_type_n_plants_traits-tripleRaster_twoParameters.png>
[61] [62

]
Chapter 4.
[63]
LaTeX Font Info:    Font shape `TU/latinmodern-math.otf(1)/m/n' will be
(Font)              scaled to size 14.4pt on input line 1314.
LaTeX Font Info:    Font shape `TU/latinmodern-math.otf(2)/m/n' will be
(Font)              scaled to size 14.40152pt on input line 1314.
LaTeX Font Info:    Font shape `TU/latinmodern-math.otf(3)/m/n' will be
(Font)              scaled to size 14.39845pt on input line 1314.

Overfull \hbox (145.60004pt too wide) in paragraph at lines 1322--1389
 [][] 
 []

[64]
File: plots/4_exp_types_number_and_variation-tripleRaster_fourParameterss.png G
raphic file (type bmp)
<plots/4_exp_types_number_and_variation-tripleRaster_fourParameterss.png>
[65]
Underfull \hbox (badness 1331) in paragraph at lines 1405--1405
[]\TU/lmr/bx/n/14.4 Utility per capita between humans and
 []


Overfull \hbox (145.60004pt too wide) in paragraph at lines 1413--1480
 [][] 
 []

[66]
File: plots/4_exp_utilities_between_populations-tripleRaster_fourParameterss.pn
g Graphic file (type bmp)
<plots/4_exp_utilities_between_populations-tripleRaster_fourParameterss.png>
[67]
Overfull \hbox (145.60004pt too wide) in paragraph at lines 1507--1574
 [][] 
 []

[68]
File: plots/4_exp_utilities_other_to_populations-tripleRaster_fourParameterss.p
ng Graphic file (type bmp)
<plots/4_exp_utilities_other_to_populations-tripleRaster_fourParameterss.png>

Underfull \vbox (badness 4291) has occurred while \output is active []

[69] [70]
Overfull \hbox (145.60004pt too wide) in paragraph at lines 1601--1668
 [][] 
 []


Overfull \hbox (331.99738pt too wide) has occurred while \output is active
\TU/lmr/m/sl/10 4.4.  UTILITY FROM OTHER RESOURCES TO HUMANS AND UTILITY PER CA
PITA OF PLANTS TO HUMANS ($[][]$ X $[][]$ X $[]$ X $[]$) \TU/lmr/m/n/10 71
 []

[71]
File: plots/4_exp_utilities_to_humans-tripleRaster_fourParameterss.png Graphic 
file (type bmp)
<plots/4_exp_utilities_to_humans-tripleRaster_fourParameterss.png>
[72]
Overfull \hbox (145.60004pt too wide) in paragraph at lines 1687--1754
 [][] 
 []


Overfull \hbox (326.3434pt too wide) has occurred while \output is active
\TU/lmr/m/sl/10 4.5.  UTILITY FROM OTHER RESOURCES TO PLANTS AND UTILITY PER CA
PITA OF HUMANS TO PLANTS ($[][]$ X $[][]$ X $[]$ X $[]$) \TU/lmr/m/n/10 73
 []

[73]
File: plots/4_exp_utilities_to_plants-tripleRaster_fourParameterss.png Graphic 
file (type bmp)
<plots/4_exp_utilities_to_plants-tripleRaster_fourParameterss.png>
[74]
Overfull \hbox (145.60004pt too wide) in paragraph at lines 1773--1840
 [][] 
 []


Overfull \hbox (308.00647pt too wide) has occurred while \output is active
\TU/lmr/m/sl/10 4.6.  UTILITY FROM OTHER RESOURCES AND UTILITY PER CAPITA OF TY
PE 1 HUMANS AND PLANTS ($[][]$ X $[][]$ X $[]$ X $[]$) \TU/lmr/m/n/10 75
 []

[75]
File: plots/4_exp_type_1_traits-tripleRaster_fourParameterss.png Graphic file (
type bmp)
<plots/4_exp_type_1_traits-tripleRaster_fourParameterss.png>
[76]
Overfull \hbox (145.60004pt too wide) in paragraph at lines 1859--1926
 [][] 
 []


Overfull \hbox (319.2254pt too wide) has occurred while \output is active
\TU/lmr/m/sl/10 4.7.  UTILITY FROM OTHER RESOURCES AND UTILITY PER CAPITA OF TY
PE N HUMANS AND PLANTS ($[][]$ X $[][]$ X $[]$ X $[]$) \TU/lmr/m/n/10 77
 []

[77]
File: plots/4_exp_type_n_traits-tripleRaster_fourParameterss.png Graphic file (
type bmp)
<plots/4_exp_type_n_traits-tripleRaster_fourParameterss.png>
[78]
Overfull \hbox (145.60004pt too wide) in paragraph at lines 1943--2010
 [][] 
 []


Overfull \hbox (484.72989pt too wide) has occurred while \output is active
\TU/lmr/m/sl/10 4.8.  UTILITY FROM OTHER RESOURCES TO TYPE 1 HUMANS AND PLANTS 
AND UTILITY PER CAPITA OF TYPE N HUMANS AND PLANTS ($[][]$ X $[][]$ X $[]$ X $[
]$) \TU/lmr/m/n/10 79
 []

[79]
File: plots/4_exp_utility_boundaries-tripleRaster_fourParameterss.png Graphic f
ile (type bmp)
<plots/4_exp_utility_boundaries-tripleRaster_fourParameterss.png>
[80]
Overfull \hbox (145.60004pt too wide) in paragraph at lines 2027--2094
 [][] 
 []


Overfull \hbox (484.72989pt too wide) has occurred while \output is active
\TU/lmr/m/sl/10 4.9.  UTILITY FROM OTHER RESOURCES TO TYPE N HUMANS AND PLANTS 
AND UTILITY PER CAPITA OF TYPE 1 HUMANS AND PLANTS ($[][]$ X $[][]$ X $[]$ X $[
]$) \TU/lmr/m/n/10 81
 []

[81]
File: plots/4_exp_utility_inverse_boundaries-tripleRaster_fourParameterss.png G
raphic file (type bmp)
<plots/4_exp_utility_inverse_boundaries-tripleRaster_fourParameterss.png>
[82]
Chapter 5.
[83

]
Overfull \hbox (29.28937pt too wide) in paragraph at lines 2132--2133
[]\TU/lmtt/m/n/10 undirected_variation_humans\TU/lmr/m/n/10 , 
 []


Overfull \hbox (27.89937pt too wide) in paragraph at lines 2132--2133
\TU/lmtt/m/n/10 undirected_variation_plants|  
 []


Overfull \hbox (34.53937pt too wide) in paragraph at lines 2137--2138
[]\TU/lmtt/m/n/10 intrinsic_growth_rate_humans\TU/lmr/m/n/10 , 
 []


Overfull \hbox (33.14937pt too wide) in paragraph at lines 2137--2138
\TU/lmtt/m/n/10 intrinsic_growth_rate_plants|  
 []


Overfull \hbox (108.03937pt too wide) in paragraph at lines 2142--2143
[]\TU/lmtt/m/n/10 utility_per_capita_type_n_plants_to_humans\TU/lmr/m/n/10 , 
 []


Overfull \hbox (106.64937pt too wide) in paragraph at lines 2142--2143
\TU/lmtt/m/n/10 utility_per_capita_type_n_humans_to_plants|  
 []


Overfull \hbox (108.03937pt too wide) in paragraph at lines 2147--2148
[]\TU/lmtt/m/n/10 utility_per_capita_type_1_plants_to_humans\TU/lmr/m/n/10 , 
 []


Overfull \hbox (106.64937pt too wide) in paragraph at lines 2147--2148
\TU/lmtt/m/n/10 utility_per_capita_type_1_humans_to_plants|  
 []


Overfull \hbox (45.03937pt too wide) in paragraph at lines 2152--2153
[]\TU/lmtt/m/n/10 utility_other_to_type_n_humans\TU/lmr/m/n/10 , 
 []


Overfull \hbox (43.64937pt too wide) in paragraph at lines 2152--2153
\TU/lmtt/m/n/10 utility_other_to_type_n_plants|  
 []


Overfull \hbox (45.03937pt too wide) in paragraph at lines 2162--2163
[]\TU/lmtt/m/n/10 utility_other_to_type_1_humans\TU/lmr/m/n/10 , 
 []


Overfull \hbox (43.64937pt too wide) in paragraph at lines 2162--2163
\TU/lmtt/m/n/10 utility_other_to_type_1_plants|  
 []


Overfull \hbox (47.27003pt too wide) in paragraph at lines 2178--2213
 [][] 
 []


LaTeX Warning: `!h' float specifier changed to `!ht'.

[84]
File: plots/5_LHS_parameter_values_pairsPlot.png Graphic file (type bmp)
<plots/5_LHS_parameter_values_pairsPlot.png>

Overfull \vbox (38.55457pt too high) has occurred while \output is active []


Overfull \hbox (67.86232pt too wide) has occurred while \output is active
\TU/lmr/m/sl/10 5.1.  SAMPLING PARAMETER VALUES WITH LATIN HYPERCUBE SAMPLING (
LHS) \TU/lmr/m/n/10 85
 []

[85] [86]
File: plots/5_LHS_summary_plot.png Graphic file (type bmp)
<plots/5_LHS_summary_plot.png>
File: plots/5_LHS_trajectoriesOverview.png Graphic file (type bmp)
<plots/5_LHS_trajectoriesOverview.png>

Underfull \vbox (badness 10000) has occurred while \output is active []

[87] [88]
File: plots/5_LHS_coevo_end_state.png Graphic file (type bmp)
<plots/5_LHS_coevo_end_state.png>
[89]
File: plots/5_LHS_coevo_optimisationPlot.png Graphic file (type bmp)
<plots/5_LHS_coevo_optimisationPlot.png>
[90]
File: plots/5_LHS_coevo_variableImportancePlot.png Graphic file (type bmp)
<plots/5_LHS_coevo_variableImportancePlot.png>
[91]
File: plots/5_LHS_dependency_coefficient_variableImportancePlot.png Graphic fil
e (type bmp)
<plots/5_LHS_dependency_coefficient_variableImportancePlot.png>
File: plots/5_LHS_timing_variableImportancePlot.png Graphic file (type bmp)
<plots/5_LHS_timing_variableImportancePlot.png>
[92]
File: plots/5_LHS_coevolution_coefficients_bifurcationPlot_twoVariables.png Gra
phic file (type bmp)
<plots/5_LHS_coevolution_coefficients_bifurcationPlot_twoVariables.png>
[93]
File: plots/5_LHS_coevolution_coefficients_bifurcationPlot_twoVariables_per_par
ameter.png Graphic file (type bmp)
<plots/5_LHS_coevolution_coefficients_bifurcationPlot_twoVariables_per_paramete
r.png>
File: plots/5_LHS_dependency_coefficients_bifurcationPlot_twoVariables_per_para
meter.png Graphic file (type bmp)
<plots/5_LHS_dependency_coefficients_bifurcationPlot_twoVariables_per_parameter
.png>

Underfull \vbox (badness 10000) has occurred while \output is active []

[94]
File: plots/5_LHS_timing_bifurcationPlot_twoVariables_per_parameter.png Graphic
 file (type bmp)
<plots/5_LHS_timing_bifurcationPlot_twoVariables_per_parameter.png>

Underfull \vbox (badness 10000) has occurred while \output is active []

[95] [96]
Overfull \hbox (1.2817pt too wide) in paragraph at lines 2422--2423
[]\TU/lmr/m/n/10 ‘utility_per_capita_type_n_plants_to_humans 
 []


Overfull \hbox (2.11168pt too wide) in paragraph at lines 2422--2423
\TU/lmr/m/n/10 utility_per_capita_type_1_plants_to_humans’|  
 []


Overfull \hbox (1.2817pt too wide) in paragraph at lines 2427--2428
[]\TU/lmr/m/n/10 ‘utility_per_capita_type_n_humans_to_plants 
 []


Overfull \hbox (2.11168pt too wide) in paragraph at lines 2427--2428
\TU/lmr/m/n/10 utility_per_capita_type_1_humans_to_plants’|  
 []


Overfull \hbox (1.2817pt too wide) in paragraph at lines 2432--2433
[]\TU/lmr/m/n/10 ‘utility_per_capita_type_n_plants_to_humans 
 []


Overfull \hbox (2.11168pt too wide) in paragraph at lines 2432--2433
\TU/lmr/m/n/10 utility_per_capita_type_1_humans_to_plants’|  
 []


Overfull \hbox (1.2817pt too wide) in paragraph at lines 2447--2448
[]\TU/lmr/m/n/10 ‘utility_per_capita_type_n_plants_to_humans 
 []


Overfull \hbox (2.11168pt too wide) in paragraph at lines 2447--2448
\TU/lmr/m/n/10 utility_per_capita_type_1_humans_to_plants’|  
 []

File: plots/5_LHS_humansImprove_coevolution_coefficients_bifurcationPlot_twoVar
iables_per_parameter_and_scenario_part1.png Graphic file (type bmp)
<plots/5_LHS_humansImprove_coevolution_coefficients_bifurcationPlot_twoVariable
s_per_parameter_and_scenario_part1.png>

Underfull \vbox (badness 10000) has occurred while \output is active []

[97]
File: plots/5_LHS_humansImprove_coevolution_coefficients_bifurcationPlot_twoVar
iables_per_parameter_and_scenario_part2.png Graphic file (type bmp)
<plots/5_LHS_humansImprove_coevolution_coefficients_bifurcationPlot_twoVariable
s_per_parameter_and_scenario_part2.png>
File: plots/5_LHS_humansImprove_coevolution_coefficients_bifurcationPlot_twoVar
iables_per_parameter_and_scenario_part3.png Graphic file (type bmp)
<plots/5_LHS_humansImprove_coevolution_coefficients_bifurcationPlot_twoVariable
s_per_parameter_and_scenario_part3.png>

Underfull \hbox (badness 10000) in paragraph at lines 2463--2465
[][]
 []

File: plots/5_LHS_humansImprove_dependency_coefficients_bifurcationPlot_twoVari
ables_per_parameter_and_scenario_part1.png Graphic file (type bmp)
<plots/5_LHS_humansImprove_dependency_coefficients_bifurcationPlot_twoVariables
_per_parameter_and_scenario_part1.png>
[98]
File: plots/5_LHS_humansImprove_dependency_coefficients_bifurcationPlot_twoVari
ables_per_parameter_and_scenario_part2.png Graphic file (type bmp)
<plots/5_LHS_humansImprove_dependency_coefficients_bifurcationPlot_twoVariables
_per_parameter_and_scenario_part2.png>
File: plots/5_LHS_humansImprove_dependency_coefficients_bifurcationPlot_twoVari
ables_per_parameter_and_scenario_part3.png Graphic file (type bmp)
<plots/5_LHS_humansImprove_dependency_coefficients_bifurcationPlot_twoVariables
_per_parameter_and_scenario_part3.png>
File: plots/5_LHS_humansImprove_timing_bifurcationPlot_twoVariables_per_paramet
er_and_scenario_part1.png Graphic file (type bmp)
<plots/5_LHS_humansImprove_timing_bifurcationPlot_twoVariables_per_parameter_an
d_scenario_part1.png>
[99]
File: plots/5_LHS_humansImprove_timing_bifurcationPlot_twoVariables_per_paramet
er_and_scenario_part2.png Graphic file (type bmp)
<plots/5_LHS_humansImprove_timing_bifurcationPlot_twoVariables_per_parameter_an
d_scenario_part2.png>
File: plots/5_LHS_humansImprove_timing_bifurcationPlot_twoVariables_per_paramet
er_and_scenario_part3.png Graphic file (type bmp)
<plots/5_LHS_humansImprove_timing_bifurcationPlot_twoVariables_per_parameter_an
d_scenario_part3.png>
[100]
File: plots/5_LHS_plantsImprove_coevolution_coefficients_bifurcationPlot_twoVar
iables_per_parameter_and_scenario_part1.png Graphic file (type bmp)
<plots/5_LHS_plantsImprove_coevolution_coefficients_bifurcationPlot_twoVariable
s_per_parameter_and_scenario_part1.png>
File: plots/5_LHS_plantsImprove_coevolution_coefficients_bifurcationPlot_twoVar
iables_per_parameter_and_scenario_part2.png Graphic file (type bmp)
<plots/5_LHS_plantsImprove_coevolution_coefficients_bifurcationPlot_twoVariable
s_per_parameter_and_scenario_part2.png>
File: plots/5_LHS_plantsImprove_coevolution_coefficients_bifurcationPlot_twoVar
iables_per_parameter_and_scenario_part3.png Graphic file (type bmp)
<plots/5_LHS_plantsImprove_coevolution_coefficients_bifurcationPlot_twoVariable
s_per_parameter_and_scenario_part3.png>

Underfull \vbox (badness 10000) has occurred while \output is active []

[101]
File: plots/5_LHS_plantsImprove_dependency_coefficients_bifurcationPlot_twoVari
ables_per_parameter_and_scenario_part1.png Graphic file (type bmp)
<plots/5_LHS_plantsImprove_dependency_coefficients_bifurcationPlot_twoVariables
_per_parameter_and_scenario_part1.png>
File: plots/5_LHS_dependency_coefficients_bifurcationPlot_twoVariables_per_para
meter_and_scenario_part2.png Graphic file (type bmp)
<plots/5_LHS_dependency_coefficients_bifurcationPlot_twoVariables_per_parameter
_and_scenario_part2.png>

Underfull \vbox (badness 10000) has occurred while \output is active []

[102]
File: plots/5_LHS_plantsImprove_dependency_coefficients_bifurcationPlot_twoVari
ables_per_parameter_and_scenario_part3.png Graphic file (type bmp)
<plots/5_LHS_plantsImprove_dependency_coefficients_bifurcationPlot_twoVariables
_per_parameter_and_scenario_part3.png>
File: plots/5_LHS_plantsImprove_timing_bifurcationPlot_twoVariables_per_paramet
er_and_scenario_part1.png Graphic file (type bmp)
<plots/5_LHS_plantsImprove_timing_bifurcationPlot_twoVariables_per_parameter_an
d_scenario_part1.png>

Underfull \vbox (badness 10000) has occurred while \output is active []

[103]
File: plots/5_LHS_plantsImprove_timing_bifurcationPlot_twoVariables_per_paramet
er_and_scenario_part2.png Graphic file (type bmp)
<plots/5_LHS_plantsImprove_timing_bifurcationPlot_twoVariables_per_parameter_an
d_scenario_part2.png>
File: plots/5_LHS_plantsImprove_timing_bifurcationPlot_twoVariables_per_paramet
er_and_scenario_part3.png Graphic file (type bmp)
<plots/5_LHS_plantsImprove_timing_bifurcationPlot_twoVariables_per_parameter_an
d_scenario_part3.png>
[104]
File: plots/5_LHS_bothImprove_coevolution_coefficients_bifurcationPlot_twoVaria
bles_per_parameter_and_scenario_part1.png Graphic file (type bmp)
<plots/5_LHS_bothImprove_coevolution_coefficients_bifurcationPlot_twoVariables_
per_parameter_and_scenario_part1.png>
File: plots/5_LHS_bothImprove_coevolution_coefficients_bifurcationPlot_twoVaria
bles_per_parameter_and_scenario_part2.png Graphic file (type bmp)
<plots/5_LHS_bothImprove_coevolution_coefficients_bifurcationPlot_twoVariables_
per_parameter_and_scenario_part2.png>
File: plots/5_LHS_bothImprove_coevolution_coefficients_bifurcationPlot_twoVaria
bles_per_parameter_and_scenario_part3.png Graphic file (type bmp)
<plots/5_LHS_bothImprove_coevolution_coefficients_bifurcationPlot_twoVariables_
per_parameter_and_scenario_part3.png>

Underfull \vbox (badness 10000) has occurred while \output is active []

[105]
File: plots/5_LHS_dependency_coefficients_bifurcationPlot_twoVariables_per_para
meter_and_scenario_part1.png Graphic file (type bmp)
<plots/5_LHS_dependency_coefficients_bifurcationPlot_twoVariables_per_parameter
_and_scenario_part1.png>
File: plots/5_LHS_dependency_coefficients_bifurcationPlot_twoVariables_per_para
meter_and_scenario_part2.png Graphic file (type bmp)
<plots/5_LHS_dependency_coefficients_bifurcationPlot_twoVariables_per_parameter
_and_scenario_part2.png>

Underfull \vbox (badness 10000) has occurred while \output is active []

[106]
File: plots/5_LHS_dependency_coefficients_bifurcationPlot_twoVariables_per_para
meter_and_scenario_part3.png Graphic file (type bmp)
<plots/5_LHS_dependency_coefficients_bifurcationPlot_twoVariables_per_parameter
_and_scenario_part3.png>
File: plots/5_LHS_bothImprove_timing_bifurcationPlot_twoVariables_per_parameter
_and_scenario_part1.png Graphic file (type bmp)
<plots/5_LHS_bothImprove_timing_bifurcationPlot_twoVariables_per_parameter_and_
scenario_part1.png>

Underfull \vbox (badness 10000) has occurred while \output is active []

[107]
File: plots/5_LHS_bothImprove_timing_bifurcationPlot_twoVariables_per_parameter
_and_scenario_part2.png Graphic file (type bmp)
<plots/5_LHS_bothImprove_timing_bifurcationPlot_twoVariables_per_parameter_and_
scenario_part2.png>
File: plots/5_LHS_bothImprove_timing_bifurcationPlot_twoVariables_per_parameter
_and_scenario_part3.png Graphic file (type bmp)
<plots/5_LHS_bothImprove_timing_bifurcationPlot_twoVariables_per_parameter_and_
scenario_part3.png>
[108]
File: plots/5_LHS_humansLessBase_coevolution_coefficients_bifurcationPlot_twoVa
riables_per_parameter_and_scenario_part1.png Graphic file (type bmp)
<plots/5_LHS_humansLessBase_coevolution_coefficients_bifurcationPlot_twoVariabl
es_per_parameter_and_scenario_part1.png>
File: plots/5_LHS_humansLessBase_coevolution_coefficients_bifurcationPlot_twoVa
riables_per_parameter_and_scenario_part2.png Graphic file (type bmp)
<plots/5_LHS_humansLessBase_coevolution_coefficients_bifurcationPlot_twoVariabl
es_per_parameter_and_scenario_part2.png>
File: plots/5_LHS_humansLessBase_coevolution_coefficients_bifurcationPlot_twoVa
riables_per_parameter_and_scenario_part3.png Graphic file (type bmp)
<plots/5_LHS_humansLessBase_coevolution_coefficients_bifurcationPlot_twoVariabl
es_per_parameter_and_scenario_part3.png>

Underfull \vbox (badness 10000) has occurred while \output is active []

[109]
File: plots/5_LHS_dependency_coefficients_bifurcationPlot_twoVariables_per_para
meter_and_scenario_part1.png Graphic file (type bmp)
<plots/5_LHS_dependency_coefficients_bifurcationPlot_twoVariables_per_parameter
_and_scenario_part1.png>
File: plots/5_LHS_dependency_coefficients_bifurcationPlot_twoVariables_per_para
meter_and_scenario_part2.png Graphic file (type bmp)
<plots/5_LHS_dependency_coefficients_bifurcationPlot_twoVariables_per_parameter
_and_scenario_part2.png>

Underfull \vbox (badness 10000) has occurred while \output is active []

[110]
File: plots/5_LHS_dependency_coefficients_bifurcationPlot_twoVariables_per_para
meter_and_scenario_part3.png Graphic file (type bmp)
<plots/5_LHS_dependency_coefficients_bifurcationPlot_twoVariables_per_parameter
_and_scenario_part3.png>
File: plots/5_LHS_humansLessBase_timing_bifurcationPlot_twoVariables_per_parame
ter_and_scenario_part1.png Graphic file (type bmp)
<plots/5_LHS_humansLessBase_timing_bifurcationPlot_twoVariables_per_parameter_a
nd_scenario_part1.png>

Underfull \vbox (badness 10000) has occurred while \output is active []

[111]
File: plots/5_LHS_humansLessBase_timing_bifurcationPlot_twoVariables_per_parame
ter_and_scenario_part2.png Graphic file (type bmp)
<plots/5_LHS_humansLessBase_timing_bifurcationPlot_twoVariables_per_parameter_a
nd_scenario_part2.png>
File: plots/5_LHS_humansLessBase_timing_bifurcationPlot_twoVariables_per_parame
ter_and_scenario_part3.png Graphic file (type bmp)
<plots/5_LHS_humansLessBase_timing_bifurcationPlot_twoVariables_per_parameter_a
nd_scenario_part3.png>
[112]
File: plots/5_LHS_plantsLessBase_coevolution_coefficients_bifurcationPlot_twoVa
riables_per_parameter_and_scenario_part1.png Graphic file (type bmp)
<plots/5_LHS_plantsLessBase_coevolution_coefficients_bifurcationPlot_twoVariabl
es_per_parameter_and_scenario_part1.png>
File: plots/5_LHS_plantsLessBase_coevolution_coefficients_bifurcationPlot_twoVa
riables_per_parameter_and_scenario_part2.png Graphic file (type bmp)
<plots/5_LHS_plantsLessBase_coevolution_coefficients_bifurcationPlot_twoVariabl
es_per_parameter_and_scenario_part2.png>
File: plots/5_LHS_plantsLessBase_coevolution_coefficients_bifurcationPlot_twoVa
riables_per_parameter_and_scenario_part3.png Graphic file (type bmp)
<plots/5_LHS_plantsLessBase_coevolution_coefficients_bifurcationPlot_twoVariabl
es_per_parameter_and_scenario_part3.png>

Underfull \vbox (badness 10000) has occurred while \output is active []

[113]
File: plots/5_LHS_dependency_coefficients_bifurcationPlot_twoVariables_per_para
meter_and_scenario_part1.png Graphic file (type bmp)
<plots/5_LHS_dependency_coefficients_bifurcationPlot_twoVariables_per_parameter
_and_scenario_part1.png>
File: plots/5_LHS_dependency_coefficients_bifurcationPlot_twoVariables_per_para
meter_and_scenario_part2.png Graphic file (type bmp)
<plots/5_LHS_dependency_coefficients_bifurcationPlot_twoVariables_per_parameter
_and_scenario_part2.png>

Underfull \vbox (badness 10000) has occurred while \output is active []

[114]
File: plots/5_LHS_dependency_coefficients_bifurcationPlot_twoVariables_per_para
meter_and_scenario_part3.png Graphic file (type bmp)
<plots/5_LHS_dependency_coefficients_bifurcationPlot_twoVariables_per_parameter
_and_scenario_part3.png>
File: plots/5_LHS_plantsLessBase_timing_bifurcationPlot_twoVariables_per_parame
ter_and_scenario_part1.png Graphic file (type bmp)
<plots/5_LHS_plantsLessBase_timing_bifurcationPlot_twoVariables_per_parameter_a
nd_scenario_part1.png>

Underfull \vbox (badness 10000) has occurred while \output is active []

[115]
File: plots/5_LHS_plantsLessBase_timing_bifurcationPlot_twoVariables_per_parame
ter_and_scenario_part2.png Graphic file (type bmp)
<plots/5_LHS_plantsLessBase_timing_bifurcationPlot_twoVariables_per_parameter_a
nd_scenario_part2.png>
File: plots/5_LHS_plantsLessBase_timing_bifurcationPlot_twoVariables_per_parame
ter_and_scenario_part3.png Graphic file (type bmp)
<plots/5_LHS_plantsLessBase_timing_bifurcationPlot_twoVariables_per_parameter_a
nd_scenario_part3.png>
[116]
File: plots/5_LHS_bothLessBase_coevolution_coefficients_bifurcationPlot_twoVari
ables_per_parameter_and_scenario_part1.png Graphic file (type bmp)
<plots/5_LHS_bothLessBase_coevolution_coefficients_bifurcationPlot_twoVariables
_per_parameter_and_scenario_part1.png>
File: plots/5_LHS_bothLessBase_coevolution_coefficients_bifurcationPlot_twoVari
ables_per_parameter_and_scenario_part2.png Graphic file (type bmp)
<plots/5_LHS_bothLessBase_coevolution_coefficients_bifurcationPlot_twoVariables
_per_parameter_and_scenario_part2.png>
File: plots/5_LHS_bothLessBase_coevolution_coefficients_bifurcationPlot_twoVari
ables_per_parameter_and_scenario_part3.png Graphic file (type bmp)
<plots/5_LHS_bothLessBase_coevolution_coefficients_bifurcationPlot_twoVariables
_per_parameter_and_scenario_part3.png>

Underfull \vbox (badness 10000) has occurred while \output is active []

[117]
File: plots/5_LHS_dependency_coefficients_bifurcationPlot_twoVariables_per_para
meter_and_scenario_part1.png Graphic file (type bmp)
<plots/5_LHS_dependency_coefficients_bifurcationPlot_twoVariables_per_parameter
_and_scenario_part1.png>
File: plots/5_LHS_dependency_coefficients_bifurcationPlot_twoVariables_per_para
meter_and_scenario_part2.png Graphic file (type bmp)
<plots/5_LHS_dependency_coefficients_bifurcationPlot_twoVariables_per_parameter
_and_scenario_part2.png>

Underfull \vbox (badness 10000) has occurred while \output is active []

[118]
File: plots/5_LHS_dependency_coefficients_bifurcationPlot_twoVariables_per_para
meter_and_scenario_part3.png Graphic file (type bmp)
<plots/5_LHS_dependency_coefficients_bifurcationPlot_twoVariables_per_parameter
_and_scenario_part3.png>
File: plots/5_LHS_bothLessBase_timing_bifurcationPlot_twoVariables_per_paramete
r_and_scenario_part1.png Graphic file (type bmp)
<plots/5_LHS_bothLessBase_timing_bifurcationPlot_twoVariables_per_parameter_and
_scenario_part1.png>

Underfull \vbox (badness 10000) has occurred while \output is active []

[119]
File: plots/5_LHS_bothLessBase_timing_bifurcationPlot_twoVariables_per_paramete
r_and_scenario_part2.png Graphic file (type bmp)
<plots/5_LHS_bothLessBase_timing_bifurcationPlot_twoVariables_per_parameter_and
_scenario_part2.png>
File: plots/5_LHS_bothLessBase_timing_bifurcationPlot_twoVariables_per_paramete
r_and_scenario_part3.png Graphic file (type bmp)
<plots/5_LHS_bothLessBase_timing_bifurcationPlot_twoVariables_per_parameter_and
_scenario_part3.png>
[120]
Chapter 6.
Package atveryend Info: Empty hook `BeforeClearDocument' on input line 2653.
[121

]
Package atveryend Info: Empty hook `AfterLastShipout' on input line 2653.
(hpcModel-exploration.aux)
Package atveryend Info: Empty hook `AtVeryEndDocument' on input line 2653.
Package atveryend Info: Empty hook `AtEndAfterFileList' on input line 2653.

LaTeX Font Warning: Some font shapes were not available, defaults substituted.

 ) 
Here is how much of TeX's memory you used:
 29489 strings out of 427272
 610326 string characters out of 3146596
 788012 words of memory out of 3000000
 33553 multiletter control sequences out of 15000+200000
 539757 words of font info for 91 fonts, out of 3000000 for 9000
 1348 hyphenation exceptions out of 8191
 58i,9n,115p,1019b,453s stack positions out of 5000i,500n,10000p,200000b,50000s

Output written on hpcModel-exploration.pdf (123 pages).
